<?xml version="1.0" encoding="UTF-8"?>
<coverage generated="1575657622870" clover="3.2.0">
  <project timestamp="1575657622871" name="All files">
    <metrics statements="196" coveredstatements="138" conditionals="48" coveredconditionals="16" methods="52" coveredmethods="23" elements="296" coveredelements="177" complexity="0" loc="196" ncloc="196" packages="8" files="17" classes="17"/>
    <package name="src">
      <metrics statements="44" coveredstatements="23" conditionals="8" coveredconditionals="1" methods="15" coveredmethods="5"/>
      <file name="App.jsx" path="/Users/mjb/Programming/HackReactor/zobinHood/Matthew-service/client/src/App.jsx">
        <metrics statements="44" coveredstatements="23" conditionals="8" coveredconditionals="1" methods="15" coveredmethods="5"/>
        <line num="13" count="11" type="stmt"/>
        <line num="14" count="11" type="stmt"/>
        <line num="24" count="11" type="stmt"/>
        <line num="25" count="11" type="stmt"/>
        <line num="26" count="11" type="stmt"/>
        <line num="27" count="11" type="stmt"/>
        <line num="28" count="11" type="stmt"/>
        <line num="29" count="11" type="stmt"/>
        <line num="33" count="11" type="stmt"/>
        <line num="49" count="11" type="stmt"/>
        <line num="50" count="0" type="stmt"/>
        <line num="51" count="0" type="stmt"/>
        <line num="54" count="0" type="stmt"/>
        <line num="59" count="0" type="stmt"/>
        <line num="63" count="0" type="stmt"/>
        <line num="68" count="11" type="stmt"/>
        <line num="69" count="11" type="stmt"/>
        <line num="71" count="11" type="cond" truecount="1" falsecount="1"/>
        <line num="73" count="11" type="stmt"/>
        <line num="74" count="11" type="stmt"/>
        <line num="75" count="11" type="stmt"/>
        <line num="80" count="0" type="cond" truecount="0" falsecount="2"/>
        <line num="81" count="0" type="stmt"/>
        <line num="82" count="0" type="stmt"/>
        <line num="87" count="0" type="stmt"/>
        <line num="88" count="0" type="stmt"/>
        <line num="89" count="0" type="stmt"/>
        <line num="90" count="0" type="cond" truecount="0" falsecount="2"/>
        <line num="91" count="0" type="stmt"/>
        <line num="92" count="0" type="stmt"/>
        <line num="97" count="0" type="stmt"/>
        <line num="105" count="0" type="stmt"/>
        <line num="106" count="0" type="stmt"/>
        <line num="110" count="0" type="stmt"/>
        <line num="116" count="0" type="stmt"/>
        <line num="117" count="0" type="stmt"/>
        <line num="118" count="0" type="stmt"/>
        <line num="126" count="11" type="stmt"/>
        <line num="127" count="11" type="stmt"/>
        <line num="130" count="11" type="stmt"/>
        <line num="143" count="11" type="stmt"/>
        <line num="147" count="11" type="stmt"/>
        <line num="160" count="11" type="stmt"/>
        <line num="174" count="11" type="stmt"/>
      </file>
    </package>
    <package name="src.components">
      <metrics statements="6" coveredstatements="6" conditionals="0" coveredconditionals="0" methods="1" coveredmethods="1"/>
      <file name="Header.jsx" path="/Users/mjb/Programming/HackReactor/zobinHood/Matthew-service/client/src/components/Header.jsx">
        <metrics statements="6" coveredstatements="6" conditionals="0" coveredconditionals="0" methods="1" coveredmethods="1"/>
        <line num="4" count="5" type="stmt"/>
        <line num="5" count="11" type="stmt"/>
        <line num="7" count="11" type="stmt"/>
        <line num="14" count="11" type="stmt"/>
        <line num="19" count="11" type="stmt"/>
        <line num="26" count="11" type="stmt"/>
      </file>
    </package>
    <package name="src.components.hoaFees">
      <metrics statements="12" coveredstatements="10" conditionals="4" coveredconditionals="2" methods="4" coveredmethods="2"/>
      <file name="HOAFees.jsx" path="/Users/mjb/Programming/HackReactor/zobinHood/Matthew-service/client/src/components/hoaFees/HOAFees.jsx">
        <metrics statements="5" coveredstatements="4" conditionals="2" coveredconditionals="1" methods="2" coveredmethods="1"/>
        <line num="5" count="5" type="stmt"/>
        <line num="7" count="11" type="stmt"/>
        <line num="9" count="11" type="stmt"/>
        <line num="14" count="11" type="stmt"/>
        <line num="25" count="0" type="stmt"/>
      </file>
      <file name="HOAHead.jsx" path="/Users/mjb/Programming/HackReactor/zobinHood/Matthew-service/client/src/components/hoaFees/HOAHead.jsx">
        <metrics statements="7" coveredstatements="6" conditionals="2" coveredconditionals="1" methods="2" coveredmethods="1"/>
        <line num="4" count="5" type="stmt"/>
        <line num="6" count="11" type="stmt"/>
        <line num="8" count="11" type="stmt"/>
        <line num="13" count="11" type="stmt"/>
        <line num="17" count="11" type="stmt"/>
        <line num="21" count="11" type="stmt"/>
        <line num="22" count="0" type="stmt"/>
      </file>
    </package>
    <package name="src.components.homeInsurance">
      <metrics statements="12" coveredstatements="10" conditionals="4" coveredconditionals="2" methods="4" coveredmethods="2"/>
      <file name="HIHead.jsx" path="/Users/mjb/Programming/HackReactor/zobinHood/Matthew-service/client/src/components/homeInsurance/HIHead.jsx">
        <metrics statements="7" coveredstatements="6" conditionals="2" coveredconditionals="1" methods="2" coveredmethods="1"/>
        <line num="4" count="5" type="stmt"/>
        <line num="6" count="11" type="stmt"/>
        <line num="8" count="11" type="stmt"/>
        <line num="13" count="11" type="stmt"/>
        <line num="17" count="11" type="stmt"/>
        <line num="21" count="11" type="stmt"/>
        <line num="22" count="0" type="stmt"/>
      </file>
      <file name="HomeInsurance.jsx" path="/Users/mjb/Programming/HackReactor/zobinHood/Matthew-service/client/src/components/homeInsurance/HomeInsurance.jsx">
        <metrics statements="5" coveredstatements="4" conditionals="2" coveredconditionals="1" methods="2" coveredmethods="1"/>
        <line num="5" count="5" type="stmt"/>
        <line num="7" count="11" type="stmt"/>
        <line num="9" count="11" type="stmt"/>
        <line num="14" count="11" type="stmt"/>
        <line num="25" count="0" type="stmt"/>
      </file>
    </package>
    <package name="src.components.mortgageInsurance">
      <metrics statements="20" coveredstatements="15" conditionals="8" coveredconditionals="3" methods="5" coveredmethods="3"/>
      <file name="MIHead.jsx" path="/Users/mjb/Programming/HackReactor/zobinHood/Matthew-service/client/src/components/mortgageInsurance/MIHead.jsx">
        <metrics statements="7" coveredstatements="6" conditionals="4" coveredconditionals="2" methods="2" coveredmethods="1"/>
        <line num="4" count="5" type="stmt"/>
        <line num="6" count="11" type="stmt"/>
        <line num="8" count="11" type="stmt"/>
        <line num="13" count="11" type="stmt"/>
        <line num="17" count="11" type="stmt"/>
        <line num="21" count="11" type="stmt"/>
        <line num="22" count="0" type="stmt"/>
      </file>
      <file name="Mortgage.jsx" path="/Users/mjb/Programming/HackReactor/zobinHood/Matthew-service/client/src/components/mortgageInsurance/Mortgage.jsx">
        <metrics statements="13" coveredstatements="9" conditionals="4" coveredconditionals="1" methods="3" coveredmethods="2"/>
        <line num="7" count="11" type="stmt"/>
        <line num="8" count="11" type="stmt"/>
        <line num="11" count="11" type="stmt"/>
        <line num="15" count="0" type="stmt"/>
        <line num="16" count="0" type="cond" truecount="0" falsecount="2"/>
        <line num="17" count="0" type="stmt"/>
        <line num="18" count="0" type="stmt"/>
        <line num="25" count="11" type="stmt"/>
        <line num="26" count="11" type="stmt"/>
        <line num="27" count="11" type="stmt"/>
        <line num="29" count="11" type="stmt"/>
        <line num="34" count="11" type="stmt"/>
        <line num="38" count="11" type="stmt"/>
      </file>
    </package>
    <package name="src.components.principal">
      <metrics statements="47" coveredstatements="30" conditionals="12" coveredconditionals="3" methods="10" coveredmethods="5"/>
      <file name="DownPayment.jsx" path="/Users/mjb/Programming/HackReactor/zobinHood/Matthew-service/client/src/components/principal/DownPayment.jsx">
        <metrics statements="3" coveredstatements="1" conditionals="0" coveredconditionals="0" methods="1" coveredmethods="0"/>
        <line num="3" count="5" type="stmt"/>
        <line num="4" count="0" type="stmt"/>
        <line num="6" count="0" type="stmt"/>
      </file>
      <file name="HomePrice.jsx" path="/Users/mjb/Programming/HackReactor/zobinHood/Matthew-service/client/src/components/principal/HomePrice.jsx">
        <metrics statements="3" coveredstatements="1" conditionals="0" coveredconditionals="0" methods="1" coveredmethods="0"/>
        <line num="4" count="5" type="stmt"/>
        <line num="5" count="0" type="stmt"/>
        <line num="7" count="0" type="stmt"/>
      </file>
      <file name="LoanProgram.jsx" path="/Users/mjb/Programming/HackReactor/zobinHood/Matthew-service/client/src/components/principal/LoanProgram.jsx">
        <metrics statements="5" coveredstatements="5" conditionals="2" coveredconditionals="1" methods="1" coveredmethods="1"/>
        <line num="4" count="6" type="stmt"/>
        <line num="5" count="1" type="stmt"/>
        <line num="7" count="1" type="stmt"/>
        <line num="14" count="1" type="stmt"/>
        <line num="18" count="1" type="stmt"/>
      </file>
      <file name="PandI.jsx" path="/Users/mjb/Programming/HackReactor/zobinHood/Matthew-service/client/src/components/principal/PandI.jsx">
        <metrics statements="7" coveredstatements="6" conditionals="2" coveredconditionals="1" methods="2" coveredmethods="1"/>
        <line num="4" count="5" type="stmt"/>
        <line num="6" count="16" type="stmt"/>
        <line num="8" count="16" type="stmt"/>
        <line num="13" count="16" type="stmt"/>
        <line num="17" count="16" type="stmt"/>
        <line num="21" count="16" type="stmt"/>
        <line num="22" count="0" type="stmt"/>
      </file>
      <file name="Principal.jsx" path="/Users/mjb/Programming/HackReactor/zobinHood/Matthew-service/client/src/components/principal/Principal.jsx">
        <metrics statements="29" coveredstatements="17" conditionals="8" coveredconditionals="1" methods="5" coveredmethods="3"/>
        <line num="10" count="16" type="stmt"/>
        <line num="11" count="16" type="stmt"/>
        <line num="15" count="16" type="stmt"/>
        <line num="16" count="16" type="stmt"/>
        <line num="20" count="16" type="stmt"/>
        <line num="21" count="16" type="stmt"/>
        <line num="22" count="16" type="stmt"/>
        <line num="23" count="16" type="stmt"/>
        <line num="24" count="16" type="stmt"/>
        <line num="25" count="16" type="stmt"/>
        <line num="30" count="0" type="stmt"/>
        <line num="31" count="0" type="stmt"/>
        <line num="32" count="0" type="cond" truecount="0" falsecount="2"/>
        <line num="33" count="0" type="stmt"/>
        <line num="35" count="0" type="cond" truecount="0" falsecount="2"/>
        <line num="36" count="0" type="stmt"/>
        <line num="38" count="0" type="cond" truecount="0" falsecount="2"/>
        <line num="39" count="0" type="stmt"/>
        <line num="41" count="0" type="stmt"/>
        <line num="42" count="0" type="stmt"/>
        <line num="44" count="0" type="stmt"/>
        <line num="48" count="0" type="stmt"/>
        <line num="56" count="16" type="stmt"/>
        <line num="57" count="16" type="stmt"/>
        <line num="58" count="16" type="stmt"/>
        <line num="60" count="16" type="stmt"/>
        <line num="71" count="16" type="stmt"/>
        <line num="75" count="16" type="stmt"/>
        <line num="84" count="16" type="stmt"/>
      </file>
    </package>
    <package name="src.components.propertyTaxes">
      <metrics statements="22" coveredstatements="20" conditionals="4" coveredconditionals="2" methods="4" coveredmethods="2"/>
      <file name="PTHead.jsx" path="/Users/mjb/Programming/HackReactor/zobinHood/Matthew-service/client/src/components/propertyTaxes/PTHead.jsx">
        <metrics statements="8" coveredstatements="7" conditionals="2" coveredconditionals="1" methods="2" coveredmethods="1"/>
        <line num="4" count="5" type="stmt"/>
        <line num="6" count="11" type="stmt"/>
        <line num="7" count="11" type="stmt"/>
        <line num="9" count="11" type="stmt"/>
        <line num="14" count="11" type="stmt"/>
        <line num="18" count="11" type="stmt"/>
        <line num="22" count="11" type="stmt"/>
        <line num="23" count="0" type="stmt"/>
      </file>
      <file name="PropertyTaxes.jsx" path="/Users/mjb/Programming/HackReactor/zobinHood/Matthew-service/client/src/components/propertyTaxes/PropertyTaxes.jsx">
        <metrics statements="14" coveredstatements="13" conditionals="2" coveredconditionals="1" methods="2" coveredmethods="1"/>
        <line num="5" count="5" type="stmt"/>
        <line num="7" count="11" type="stmt"/>
        <line num="9" count="11" type="stmt"/>
        <line num="14" count="11" type="stmt"/>
        <line num="21" count="11" type="stmt"/>
        <line num="26" count="11" type="stmt"/>
        <line num="31" count="11" type="stmt"/>
        <line num="36" count="11" type="stmt"/>
        <line num="41" count="11" type="stmt"/>
        <line num="46" count="11" type="stmt"/>
        <line num="51" count="11" type="stmt"/>
        <line num="61" count="11" type="stmt"/>
        <line num="66" count="11" type="stmt"/>
        <line num="87" count="0" type="stmt"/>
      </file>
    </package>
    <package name="src.components.utilities">
      <metrics statements="33" coveredstatements="24" conditionals="8" coveredconditionals="3" methods="9" coveredmethods="3"/>
      <file name="UHead.jsx" path="/Users/mjb/Programming/HackReactor/zobinHood/Matthew-service/client/src/components/utilities/UHead.jsx">
        <metrics statements="8" coveredstatements="7" conditionals="4" coveredconditionals="2" methods="2" coveredmethods="1"/>
        <line num="4" count="5" type="stmt"/>
        <line num="6" count="11" type="stmt"/>
        <line num="7" count="11" type="stmt"/>
        <line num="9" count="11" type="stmt"/>
        <line num="14" count="11" type="stmt"/>
        <line num="18" count="11" type="stmt"/>
        <line num="22" count="11" type="stmt"/>
        <line num="23" count="0" type="stmt"/>
      </file>
      <file name="Utilities.jsx" path="/Users/mjb/Programming/HackReactor/zobinHood/Matthew-service/client/src/components/utilities/Utilities.jsx">
        <metrics statements="25" coveredstatements="17" conditionals="4" coveredconditionals="1" methods="7" coveredmethods="2"/>
        <line num="7" count="11" type="stmt"/>
        <line num="8" count="11" type="stmt"/>
        <line num="11" count="11" type="stmt"/>
        <line num="15" count="0" type="stmt"/>
        <line num="16" count="0" type="cond" truecount="0" falsecount="2"/>
        <line num="17" count="0" type="stmt"/>
        <line num="18" count="0" type="stmt"/>
        <line num="25" count="11" type="stmt"/>
        <line num="26" count="11" type="stmt"/>
        <line num="27" count="11" type="stmt"/>
        <line num="29" count="11" type="stmt"/>
        <line num="34" count="11" type="stmt"/>
        <line num="39" count="11" type="stmt"/>
        <line num="44" count="11" type="stmt"/>
        <line num="49" count="11" type="stmt"/>
        <line num="54" count="11" type="stmt"/>
        <line num="59" count="11" type="stmt"/>
        <line num="64" count="11" type="stmt"/>
        <line num="69" count="11" type="stmt"/>
        <line num="74" count="11" type="stmt"/>
        <line num="79" count="11" type="stmt"/>
        <line num="103" count="0" type="stmt"/>
        <line num="116" count="0" type="stmt"/>
        <line num="129" count="0" type="stmt"/>
        <line num="142" count="0" type="stmt"/>
      </file>
    </package>
  </project>
</coverage>
