<?xml version="1.0" encoding="UTF-8"?>
<coverage generated="1575532646095" clover="3.2.0">
  <project timestamp="1575532646096" name="All files">
    <metrics statements="83" coveredstatements="55" conditionals="16" coveredconditionals="7" methods="27" coveredmethods="11" elements="126" coveredelements="73" complexity="0" loc="83" ncloc="83" packages="3" files="7" classes="7"/>
    <package name="src">
      <metrics statements="46" coveredstatements="22" conditionals="6" coveredconditionals="2" methods="19" coveredmethods="5"/>
      <file name="App.jsx" path="/Users/mjb/Programming/HackReactor/zobinHood/Matthew-service/client/src/App.jsx">
        <metrics statements="46" coveredstatements="22" conditionals="6" coveredconditionals="2" methods="19" coveredmethods="5"/>
        <line num="8" count="12" type="stmt"/>
        <line num="9" count="12" type="stmt"/>
        <line num="14" count="12" type="stmt"/>
        <line num="15" count="12" type="stmt"/>
        <line num="16" count="12" type="stmt"/>
        <line num="17" count="12" type="stmt"/>
        <line num="18" count="12" type="stmt"/>
        <line num="19" count="12" type="stmt"/>
        <line num="20" count="12" type="stmt"/>
        <line num="21" count="12" type="stmt"/>
        <line num="31" count="12" type="stmt"/>
        <line num="36" count="12" type="stmt"/>
        <line num="48" count="0" type="stmt"/>
        <line num="49" count="0" type="stmt"/>
        <line num="50" count="0" type="stmt"/>
        <line num="53" count="0" type="stmt"/>
        <line num="54" count="0" type="stmt"/>
        <line num="59" count="0" type="stmt"/>
        <line num="62" count="0" type="stmt"/>
        <line num="67" count="16" type="stmt"/>
        <line num="68" count="16" type="stmt"/>
        <line num="70" count="16" type="cond" truecount="2" falsecount="0"/>
        <line num="72" count="16" type="stmt"/>
        <line num="73" count="16" type="stmt"/>
        <line num="74" count="16" type="stmt"/>
        <line num="79" count="0" type="cond" truecount="0" falsecount="2"/>
        <line num="80" count="0" type="stmt"/>
        <line num="81" count="0" type="stmt"/>
        <line num="86" count="0" type="stmt"/>
        <line num="87" count="0" type="stmt"/>
        <line num="88" count="0" type="stmt"/>
        <line num="89" count="0" type="cond" truecount="0" falsecount="2"/>
        <line num="90" count="0" type="stmt"/>
        <line num="91" count="0" type="stmt"/>
        <line num="96" count="0" type="stmt"/>
        <line num="104" count="0" type="stmt"/>
        <line num="105" count="0" type="stmt"/>
        <line num="109" count="0" type="stmt"/>
        <line num="110" count="0" type="stmt"/>
        <line num="116" count="0" type="stmt"/>
        <line num="118" count="0" type="stmt"/>
        <line num="122" count="0" type="stmt"/>
        <line num="126" count="24" type="stmt"/>
        <line num="127" count="24" type="stmt"/>
        <line num="130" count="24" type="stmt"/>
        <line num="141" count="24" type="stmt"/>
      </file>
    </package>
    <package name="src.components">
      <metrics statements="5" coveredstatements="5" conditionals="0" coveredconditionals="0" methods="1" coveredmethods="1"/>
      <file name="Header.jsx" path="/Users/mjb/Programming/HackReactor/zobinHood/Matthew-service/client/src/components/Header.jsx">
        <metrics statements="5" coveredstatements="5" conditionals="0" coveredconditionals="0" methods="1" coveredmethods="1"/>
        <line num="4" count="3" type="stmt"/>
        <line num="5" count="16" type="stmt"/>
        <line num="7" count="16" type="stmt"/>
        <line num="14" count="16" type="stmt"/>
        <line num="21" count="16" type="stmt"/>
      </file>
    </package>
    <package name="src.components.principal">
      <metrics statements="32" coveredstatements="28" conditionals="10" coveredconditionals="5" methods="7" coveredmethods="5"/>
      <file name="DownPayment.jsx" path="/Users/mjb/Programming/HackReactor/zobinHood/Matthew-service/client/src/components/principal/DownPayment.jsx">
        <metrics statements="3" coveredstatements="1" conditionals="0" coveredconditionals="0" methods="1" coveredmethods="0"/>
        <line num="3" count="3" type="stmt"/>
        <line num="4" count="0" type="stmt"/>
        <line num="6" count="0" type="stmt"/>
      </file>
      <file name="HomePrice.jsx" path="/Users/mjb/Programming/HackReactor/zobinHood/Matthew-service/client/src/components/principal/HomePrice.jsx">
        <metrics statements="3" coveredstatements="1" conditionals="0" coveredconditionals="0" methods="1" coveredmethods="0"/>
        <line num="4" count="3" type="stmt"/>
        <line num="5" count="0" type="stmt"/>
        <line num="7" count="0" type="stmt"/>
      </file>
      <file name="LoanProgram.jsx" path="/Users/mjb/Programming/HackReactor/zobinHood/Matthew-service/client/src/components/principal/LoanProgram.jsx">
        <metrics statements="4" coveredstatements="4" conditionals="6" coveredconditionals="3" methods="1" coveredmethods="1"/>
        <line num="4" count="4" type="stmt"/>
        <line num="5" count="1" type="stmt"/>
        <line num="7" count="1" type="stmt"/>
        <line num="14" count="1" type="stmt"/>
      </file>
      <file name="PandI.jsx" path="/Users/mjb/Programming/HackReactor/zobinHood/Matthew-service/client/src/components/principal/PandI.jsx">
        <metrics statements="6" coveredstatements="6" conditionals="2" coveredconditionals="1" methods="1" coveredmethods="1"/>
        <line num="4" count="3" type="stmt"/>
        <line num="6" count="19" type="stmt"/>
        <line num="10" count="19" type="stmt"/>
        <line num="14" count="19" type="stmt"/>
        <line num="23" count="19" type="stmt"/>
        <line num="24" count="19" type="stmt"/>
      </file>
      <file name="Principal.jsx" path="/Users/mjb/Programming/HackReactor/zobinHood/Matthew-service/client/src/components/principal/Principal.jsx">
        <metrics statements="16" coveredstatements="16" conditionals="2" coveredconditionals="1" methods="3" coveredmethods="3"/>
        <line num="10" count="24" type="stmt"/>
        <line num="11" count="24" type="stmt"/>
        <line num="15" count="24" type="stmt"/>
        <line num="20" count="24" type="stmt"/>
        <line num="21" count="24" type="stmt"/>
        <line num="22" count="24" type="stmt"/>
        <line num="23" count="24" type="stmt"/>
        <line num="35" count="24" type="stmt"/>
        <line num="36" count="24" type="stmt"/>
        <line num="37" count="24" type="stmt"/>
        <line num="39" count="24" type="stmt"/>
        <line num="46" count="24" type="stmt"/>
        <line num="50" count="24" type="stmt"/>
        <line num="59" count="24" type="stmt"/>
        <line num="63" count="24" type="stmt"/>
        <line num="67" count="24" type="stmt"/>
      </file>
    </package>
  </project>
</coverage>
