{"/Users/mjb/Programming/HackReactor/zobinHood/Matthew-service/client/src/App.jsx": {"path":"/Users/mjb/Programming/HackReactor/zobinHood/Matthew-service/client/src/App.jsx","statementMap":{"0":{"start":{"line":13,"column":4},"end":{"line":13,"column":17}},"1":{"start":{"line":14,"column":4},"end":{"line":23,"column":6}},"2":{"start":{"line":24,"column":4},"end":{"line":24,"column":37}},"3":{"start":{"line":25,"column":4},"end":{"line":25,"column":51}},"4":{"start":{"line":26,"column":4},"end":{"line":26,"column":53}},"5":{"start":{"line":27,"column":4},"end":{"line":27,"column":53}},"6":{"start":{"line":28,"column":4},"end":{"line":28,"column":41}},"7":{"start":{"line":29,"column":4},"end":{"line":29,"column":45}},"8":{"start":{"line":33,"column":4},"end":{"line":33,"column":20}},"9":{"start":{"line":49,"column":4},"end":{"line":63,"column":66}},"10":{"start":{"line":50,"column":21},"end":{"line":50,"column":31}},"11":{"start":{"line":51,"column":22},"end":{"line":53,"column":8}},"12":{"start":{"line":54,"column":18},"end":{"line":58,"column":8}},"13":{"start":{"line":59,"column":18},"end":{"line":62,"column":8}},"14":{"start":{"line":63,"column":22},"end":{"line":63,"column":64}},"15":{"start":{"line":68,"column":17},"end":{"line":68,"column":28}},"16":{"start":{"line":69,"column":17},"end":{"line":69,"column":28}},"17":{"start":{"line":71,"column":4},"end":{"line":71,"column":72}},"18":{"start":{"line":71,"column":29},"end":{"line":71,"column":70}},"19":{"start":{"line":73,"column":4},"end":{"line":73,"column":45}},"20":{"start":{"line":74,"column":4},"end":{"line":74,"column":24}},"21":{"start":{"line":75,"column":4},"end":{"line":75,"column":27}},"22":{"start":{"line":80,"column":4},"end":{"line":83,"column":5}},"23":{"start":{"line":81,"column":17},"end":{"line":81,"column":33}},"24":{"start":{"line":82,"column":6},"end":{"line":82,"column":24}},"25":{"start":{"line":87,"column":4},"end":{"line":87,"column":27}},"26":{"start":{"line":88,"column":4},"end":{"line":88,"column":42}},"27":{"start":{"line":89,"column":14},"end":{"line":89,"column":29}},"28":{"start":{"line":90,"column":4},"end":{"line":101,"column":5}},"29":{"start":{"line":91,"column":20},"end":{"line":91,"column":65}},"30":{"start":{"line":92,"column":6},"end":{"line":95,"column":62}},"31":{"start":{"line":97,"column":6},"end":{"line":100,"column":62}},"32":{"start":{"line":105,"column":4},"end":{"line":105,"column":23}},"33":{"start":{"line":106,"column":4},"end":{"line":106,"column":24}},"34":{"start":{"line":110,"column":4},"end":{"line":112,"column":7}},"35":{"start":{"line":116,"column":4},"end":{"line":116,"column":50}},"36":{"start":{"line":117,"column":16},"end":{"line":117,"column":40}},"37":{"start":{"line":118,"column":4},"end":{"line":120,"column":7}},"38":{"start":{"line":126,"column":40},"end":{"line":126,"column":50}},"39":{"start":{"line":127,"column":67},"end":{"line":127,"column":71}},"40":{"start":{"line":130,"column":20},"end":{"line":141,"column":5}},"41":{"start":{"line":143,"column":20},"end":{"line":145,"column":5}},"42":{"start":{"line":147,"column":19},"end":{"line":158,"column":5}},"43":{"start":{"line":160,"column":19},"end":{"line":164,"column":5}},"44":{"start":{"line":174,"column":4},"end":{"line":195,"column":6}}},"fnMap":{"0":{"name":"(anonymous_0)","decl":{"start":{"line":12,"column":2},"end":{"line":12,"column":3}},"loc":{"start":{"line":12,"column":21},"end":{"line":30,"column":3}},"line":12},"1":{"name":"(anonymous_1)","decl":{"start":{"line":32,"column":2},"end":{"line":32,"column":3}},"loc":{"start":{"line":32,"column":22},"end":{"line":35,"column":3}},"line":32},"2":{"name":"(anonymous_2)","decl":{"start":{"line":48,"column":2},"end":{"line":48,"column":3}},"loc":{"start":{"line":48,"column":13},"end":{"line":64,"column":3}},"line":48},"3":{"name":"(anonymous_3)","decl":{"start":{"line":50,"column":12},"end":{"line":50,"column":13}},"loc":{"start":{"line":50,"column":21},"end":{"line":50,"column":31}},"line":50},"4":{"name":"(anonymous_4)","decl":{"start":{"line":51,"column":12},"end":{"line":51,"column":13}},"loc":{"start":{"line":51,"column":22},"end":{"line":53,"column":8}},"line":51},"5":{"name":"(anonymous_5)","decl":{"start":{"line":54,"column":12},"end":{"line":54,"column":13}},"loc":{"start":{"line":54,"column":18},"end":{"line":58,"column":8}},"line":54},"6":{"name":"(anonymous_6)","decl":{"start":{"line":59,"column":12},"end":{"line":59,"column":13}},"loc":{"start":{"line":59,"column":18},"end":{"line":62,"column":8}},"line":59},"7":{"name":"(anonymous_7)","decl":{"start":{"line":63,"column":13},"end":{"line":63,"column":14}},"loc":{"start":{"line":63,"column":22},"end":{"line":63,"column":64}},"line":63},"8":{"name":"(anonymous_8)","decl":{"start":{"line":67,"column":2},"end":{"line":67,"column":3}},"loc":{"start":{"line":67,"column":12},"end":{"line":76,"column":3}},"line":67},"9":{"name":"(anonymous_9)","decl":{"start":{"line":79,"column":2},"end":{"line":79,"column":3}},"loc":{"start":{"line":79,"column":19},"end":{"line":84,"column":3}},"line":79},"10":{"name":"(anonymous_10)","decl":{"start":{"line":86,"column":2},"end":{"line":86,"column":3}},"loc":{"start":{"line":86,"column":22},"end":{"line":102,"column":3}},"line":86},"11":{"name":"(anonymous_11)","decl":{"start":{"line":104,"column":2},"end":{"line":104,"column":3}},"loc":{"start":{"line":104,"column":18},"end":{"line":107,"column":3}},"line":104},"12":{"name":"(anonymous_12)","decl":{"start":{"line":109,"column":2},"end":{"line":109,"column":3}},"loc":{"start":{"line":109,"column":15},"end":{"line":113,"column":3}},"line":109},"13":{"name":"(anonymous_13)","decl":{"start":{"line":115,"column":2},"end":{"line":115,"column":3}},"loc":{"start":{"line":115,"column":23},"end":{"line":121,"column":3}},"line":115},"14":{"name":"(anonymous_14)","decl":{"start":{"line":123,"column":2},"end":{"line":123,"column":3}},"loc":{"start":{"line":123,"column":11},"end":{"line":196,"column":3}},"line":123}},"branchMap":{"0":{"loc":{"start":{"line":71,"column":4},"end":{"line":71,"column":72}},"type":"if","locations":[{"start":{"line":71,"column":4},"end":{"line":71,"column":72}},{"start":{"line":71,"column":4},"end":{"line":71,"column":72}}],"line":71},"1":{"loc":{"start":{"line":80,"column":4},"end":{"line":83,"column":5}},"type":"if","locations":[{"start":{"line":80,"column":4},"end":{"line":83,"column":5}},{"start":{"line":80,"column":4},"end":{"line":83,"column":5}}],"line":80},"2":{"loc":{"start":{"line":90,"column":4},"end":{"line":101,"column":5}},"type":"if","locations":[{"start":{"line":90,"column":4},"end":{"line":101,"column":5}},{"start":{"line":90,"column":4},"end":{"line":101,"column":5}}],"line":90},"3":{"loc":{"start":{"line":119,"column":15},"end":{"line":119,"column":52}},"type":"cond-expr","locations":[{"start":{"line":119,"column":41},"end":{"line":119,"column":44}},{"start":{"line":119,"column":47},"end":{"line":119,"column":52}}],"line":119}},"s":{"0":11,"1":11,"2":11,"3":11,"4":11,"5":11,"6":11,"7":11,"8":11,"9":11,"10":0,"11":0,"12":0,"13":0,"14":0,"15":11,"16":11,"17":11,"18":11,"19":11,"20":11,"21":11,"22":0,"23":0,"24":0,"25":0,"26":0,"27":0,"28":0,"29":0,"30":0,"31":0,"32":0,"33":0,"34":0,"35":0,"36":0,"37":0,"38":11,"39":11,"40":11,"41":11,"42":11,"43":11,"44":11},"f":{"0":11,"1":11,"2":11,"3":0,"4":0,"5":0,"6":0,"7":0,"8":11,"9":0,"10":0,"11":0,"12":0,"13":0,"14":11},"b":{"0":[11,0],"1":[0,0],"2":[0,0],"3":[0,0]},"_coverageSchema":"43e27e138ebf9cfc5966b082cf9a028302ed4184","hash":"76d3ed23b736584784ee88409798a0e63d5f4150"}
,"/Users/mjb/Programming/HackReactor/zobinHood/Matthew-service/client/src/components/Header.jsx": {"path":"/Users/mjb/Programming/HackReactor/zobinHood/Matthew-service/client/src/components/Header.jsx","statementMap":{"0":{"start":{"line":4,"column":15},"end":{"line":38,"column":1}},"1":{"start":{"line":5,"column":28},"end":{"line":5,"column":33}},"2":{"start":{"line":7,"column":20},"end":{"line":12,"column":3}},"3":{"start":{"line":14,"column":17},"end":{"line":17,"column":3}},"4":{"start":{"line":19,"column":20},"end":{"line":24,"column":3}},"5":{"start":{"line":26,"column":2},"end":{"line":37,"column":4}}},"fnMap":{"0":{"name":"(anonymous_0)","decl":{"start":{"line":4,"column":15},"end":{"line":4,"column":16}},"loc":{"start":{"line":4,"column":26},"end":{"line":38,"column":1}},"line":4}},"branchMap":{},"s":{"0":5,"1":11,"2":11,"3":11,"4":11,"5":11},"f":{"0":11},"b":{},"_coverageSchema":"43e27e138ebf9cfc5966b082cf9a028302ed4184","hash":"2e9341355cf07d3802966b259b459833b452b0ed"}
,"/Users/mjb/Programming/HackReactor/zobinHood/Matthew-service/client/src/components/hoaFees/HOAFees.jsx": {"path":"/Users/mjb/Programming/HackReactor/zobinHood/Matthew-service/client/src/components/hoaFees/HOAFees.jsx","statementMap":{"0":{"start":{"line":5,"column":16},"end":{"line":37,"column":1}},"1":{"start":{"line":7,"column":39},"end":{"line":7,"column":44}},"2":{"start":{"line":9,"column":14},"end":{"line":12,"column":3}},"3":{"start":{"line":14,"column":1},"end":{"line":36,"column":2}},"4":{"start":{"line":25,"column":32},"end":{"line":25,"column":56}}},"fnMap":{"0":{"name":"(anonymous_0)","decl":{"start":{"line":5,"column":16},"end":{"line":5,"column":17}},"loc":{"start":{"line":5,"column":27},"end":{"line":37,"column":1}},"line":5},"1":{"name":"(anonymous_1)","decl":{"start":{"line":25,"column":26},"end":{"line":25,"column":27}},"loc":{"start":{"line":25,"column":32},"end":{"line":25,"column":56}},"line":25}},"branchMap":{"0":{"loc":{"start":{"line":17,"column":7},"end":{"line":34,"column":7}},"type":"cond-expr","locations":[{"start":{"line":18,"column":8},"end":{"line":31,"column":14}},{"start":{"line":33,"column":6},"end":{"line":33,"column":18}}],"line":17}},"s":{"0":5,"1":11,"2":11,"3":11,"4":0},"f":{"0":11,"1":0},"b":{"0":[0,11]},"_coverageSchema":"43e27e138ebf9cfc5966b082cf9a028302ed4184","hash":"11fe228c461cbbeef3ce64db2c38f1d64fd8af05"}
,"/Users/mjb/Programming/HackReactor/zobinHood/Matthew-service/client/src/components/hoaFees/HOAHead.jsx": {"path":"/Users/mjb/Programming/HackReactor/zobinHood/Matthew-service/client/src/components/hoaFees/HOAHead.jsx","statementMap":{"0":{"start":{"line":4,"column":16},"end":{"line":40,"column":1}},"1":{"start":{"line":6,"column":39},"end":{"line":6,"column":44}},"2":{"start":{"line":8,"column":15},"end":{"line":11,"column":3}},"3":{"start":{"line":13,"column":15},"end":{"line":15,"column":3}},"4":{"start":{"line":17,"column":16},"end":{"line":19,"column":3}},"5":{"start":{"line":21,"column":2},"end":{"line":39,"column":4}},"6":{"start":{"line":22,"column":25},"end":{"line":22,"column":42}}},"fnMap":{"0":{"name":"(anonymous_0)","decl":{"start":{"line":4,"column":16},"end":{"line":4,"column":17}},"loc":{"start":{"line":4,"column":27},"end":{"line":40,"column":1}},"line":4},"1":{"name":"(anonymous_1)","decl":{"start":{"line":22,"column":19},"end":{"line":22,"column":20}},"loc":{"start":{"line":22,"column":25},"end":{"line":22,"column":42}},"line":22}},"branchMap":{"0":{"loc":{"start":{"line":28,"column":9},"end":{"line":36,"column":9}},"type":"cond-expr","locations":[{"start":{"line":29,"column":10},"end":{"line":31,"column":19}},{"start":{"line":33,"column":10},"end":{"line":35,"column":19}}],"line":28}},"s":{"0":5,"1":11,"2":11,"3":11,"4":11,"5":11,"6":0},"f":{"0":11,"1":0},"b":{"0":[0,11]},"_coverageSchema":"43e27e138ebf9cfc5966b082cf9a028302ed4184","hash":"908148c30ea99f3aabe579d0a57f315d70bf34c3"}
,"/Users/mjb/Programming/HackReactor/zobinHood/Matthew-service/client/src/components/homeInsurance/HIHead.jsx": {"path":"/Users/mjb/Programming/HackReactor/zobinHood/Matthew-service/client/src/components/homeInsurance/HIHead.jsx","statementMap":{"0":{"start":{"line":4,"column":15},"end":{"line":40,"column":1}},"1":{"start":{"line":6,"column":39},"end":{"line":6,"column":44}},"2":{"start":{"line":8,"column":15},"end":{"line":11,"column":3}},"3":{"start":{"line":13,"column":15},"end":{"line":15,"column":3}},"4":{"start":{"line":17,"column":16},"end":{"line":19,"column":3}},"5":{"start":{"line":21,"column":2},"end":{"line":39,"column":4}},"6":{"start":{"line":22,"column":25},"end":{"line":22,"column":48}}},"fnMap":{"0":{"name":"(anonymous_0)","decl":{"start":{"line":4,"column":15},"end":{"line":4,"column":16}},"loc":{"start":{"line":4,"column":26},"end":{"line":40,"column":1}},"line":4},"1":{"name":"(anonymous_1)","decl":{"start":{"line":22,"column":19},"end":{"line":22,"column":20}},"loc":{"start":{"line":22,"column":25},"end":{"line":22,"column":48}},"line":22}},"branchMap":{"0":{"loc":{"start":{"line":28,"column":9},"end":{"line":36,"column":9}},"type":"cond-expr","locations":[{"start":{"line":29,"column":12},"end":{"line":31,"column":21}},{"start":{"line":33,"column":10},"end":{"line":35,"column":19}}],"line":28}},"s":{"0":5,"1":11,"2":11,"3":11,"4":11,"5":11,"6":0},"f":{"0":11,"1":0},"b":{"0":[0,11]},"_coverageSchema":"43e27e138ebf9cfc5966b082cf9a028302ed4184","hash":"ab96dadef11d098ed1fdd551bbae4a8beea6e816"}
,"/Users/mjb/Programming/HackReactor/zobinHood/Matthew-service/client/src/components/homeInsurance/HomeInsurance.jsx": {"path":"/Users/mjb/Programming/HackReactor/zobinHood/Matthew-service/client/src/components/homeInsurance/HomeInsurance.jsx","statementMap":{"0":{"start":{"line":5,"column":22},"end":{"line":37,"column":1}},"1":{"start":{"line":7,"column":59},"end":{"line":7,"column":64}},"2":{"start":{"line":9,"column":16},"end":{"line":12,"column":5}},"3":{"start":{"line":14,"column":4},"end":{"line":36,"column":5}},"4":{"start":{"line":25,"column":34},"end":{"line":25,"column":58}}},"fnMap":{"0":{"name":"(anonymous_0)","decl":{"start":{"line":5,"column":22},"end":{"line":5,"column":23}},"loc":{"start":{"line":5,"column":33},"end":{"line":37,"column":1}},"line":5},"1":{"name":"(anonymous_1)","decl":{"start":{"line":25,"column":28},"end":{"line":25,"column":29}},"loc":{"start":{"line":25,"column":34},"end":{"line":25,"column":58}},"line":25}},"branchMap":{"0":{"loc":{"start":{"line":17,"column":9},"end":{"line":34,"column":9}},"type":"cond-expr","locations":[{"start":{"line":18,"column":10},"end":{"line":31,"column":16}},{"start":{"line":33,"column":8},"end":{"line":33,"column":20}}],"line":17}},"s":{"0":5,"1":11,"2":11,"3":11,"4":0},"f":{"0":11,"1":0},"b":{"0":[0,11]},"_coverageSchema":"43e27e138ebf9cfc5966b082cf9a028302ed4184","hash":"802918a18074b9d966d9e2bbebae764b68d8af56"}
,"/Users/mjb/Programming/HackReactor/zobinHood/Matthew-service/client/src/components/mortgageInsurance/MIHead.jsx": {"path":"/Users/mjb/Programming/HackReactor/zobinHood/Matthew-service/client/src/components/mortgageInsurance/MIHead.jsx","statementMap":{"0":{"start":{"line":4,"column":15},"end":{"line":40,"column":1}},"1":{"start":{"line":6,"column":68},"end":{"line":6,"column":73}},"2":{"start":{"line":8,"column":15},"end":{"line":11,"column":3}},"3":{"start":{"line":13,"column":15},"end":{"line":15,"column":3}},"4":{"start":{"line":17,"column":16},"end":{"line":19,"column":3}},"5":{"start":{"line":21,"column":2},"end":{"line":39,"column":4}},"6":{"start":{"line":22,"column":25},"end":{"line":22,"column":52}}},"fnMap":{"0":{"name":"(anonymous_0)","decl":{"start":{"line":4,"column":15},"end":{"line":4,"column":16}},"loc":{"start":{"line":4,"column":26},"end":{"line":40,"column":1}},"line":4},"1":{"name":"(anonymous_1)","decl":{"start":{"line":22,"column":19},"end":{"line":22,"column":20}},"loc":{"start":{"line":22,"column":25},"end":{"line":22,"column":52}},"line":22}},"branchMap":{"0":{"loc":{"start":{"line":25,"column":14},"end":{"line":25,"column":68}},"type":"cond-expr","locations":[{"start":{"line":25,"column":33},"end":{"line":25,"column":51}},{"start":{"line":25,"column":54},"end":{"line":25,"column":68}}],"line":25},"1":{"loc":{"start":{"line":28,"column":9},"end":{"line":36,"column":9}},"type":"cond-expr","locations":[{"start":{"line":29,"column":12},"end":{"line":31,"column":21}},{"start":{"line":33,"column":10},"end":{"line":35,"column":19}}],"line":28}},"s":{"0":5,"1":11,"2":11,"3":11,"4":11,"5":11,"6":0},"f":{"0":11,"1":0},"b":{"0":[0,11],"1":[0,11]},"_coverageSchema":"43e27e138ebf9cfc5966b082cf9a028302ed4184","hash":"5af2af5e523f5c61c86948d7bff7153aa46c6da7"}
,"/Users/mjb/Programming/HackReactor/zobinHood/Matthew-service/client/src/components/mortgageInsurance/Mortgage.jsx": {"path":"/Users/mjb/Programming/HackReactor/zobinHood/Matthew-service/client/src/components/mortgageInsurance/Mortgage.jsx","statementMap":{"0":{"start":{"line":7,"column":4},"end":{"line":7,"column":16}},"1":{"start":{"line":8,"column":4},"end":{"line":10,"column":6}},"2":{"start":{"line":11,"column":4},"end":{"line":11,"column":63}},"3":{"start":{"line":15,"column":19},"end":{"line":15,"column":31}},"4":{"start":{"line":16,"column":18},"end":{"line":16,"column":76}},"5":{"start":{"line":17,"column":17},"end":{"line":17,"column":28}},"6":{"start":{"line":18,"column":4},"end":{"line":20,"column":7}},"7":{"start":{"line":25,"column":33},"end":{"line":25,"column":43}},"8":{"start":{"line":26,"column":34},"end":{"line":26,"column":38}},"9":{"start":{"line":27,"column":52},"end":{"line":27,"column":62}},"10":{"start":{"line":29,"column":22},"end":{"line":32,"column":5}},"11":{"start":{"line":34,"column":19},"end":{"line":36,"column":5}},"12":{"start":{"line":38,"column":4},"end":{"line":61,"column":5}}},"fnMap":{"0":{"name":"(anonymous_0)","decl":{"start":{"line":6,"column":2},"end":{"line":6,"column":3}},"loc":{"start":{"line":6,"column":21},"end":{"line":12,"column":3}},"line":6},"1":{"name":"(anonymous_1)","decl":{"start":{"line":14,"column":2},"end":{"line":14,"column":3}},"loc":{"start":{"line":14,"column":27},"end":{"line":22,"column":3}},"line":14},"2":{"name":"(anonymous_2)","decl":{"start":{"line":24,"column":2},"end":{"line":24,"column":3}},"loc":{"start":{"line":24,"column":11},"end":{"line":62,"column":3}},"line":24}},"branchMap":{"0":{"loc":{"start":{"line":16,"column":18},"end":{"line":16,"column":76}},"type":"cond-expr","locations":[{"start":{"line":16,"column":47},"end":{"line":16,"column":61}},{"start":{"line":16,"column":64},"end":{"line":16,"column":76}}],"line":16},"1":{"loc":{"start":{"line":41,"column":9},"end":{"line":59,"column":9}},"type":"cond-expr","locations":[{"start":{"line":42,"column":10},"end":{"line":56,"column":16}},{"start":{"line":58,"column":10},"end":{"line":58,"column":22}}],"line":41}},"s":{"0":11,"1":11,"2":11,"3":0,"4":0,"5":0,"6":0,"7":11,"8":11,"9":11,"10":11,"11":11,"12":11},"f":{"0":11,"1":0,"2":11},"b":{"0":[0,0],"1":[0,11]},"_coverageSchema":"43e27e138ebf9cfc5966b082cf9a028302ed4184","hash":"6e372a0cb2fba2bf298fa523fedc0cbdf69d40c2"}
,"/Users/mjb/Programming/HackReactor/zobinHood/Matthew-service/client/src/components/principal/DownPayment.jsx": {"path":"/Users/mjb/Programming/HackReactor/zobinHood/Matthew-service/client/src/components/principal/DownPayment.jsx","statementMap":{"0":{"start":{"line":3,"column":20},"end":{"line":38,"column":1}},"1":{"start":{"line":4,"column":115},"end":{"line":4,"column":120}},"2":{"start":{"line":6,"column":2},"end":{"line":37,"column":4}}},"fnMap":{"0":{"name":"(anonymous_0)","decl":{"start":{"line":3,"column":20},"end":{"line":3,"column":21}},"loc":{"start":{"line":3,"column":31},"end":{"line":38,"column":1}},"line":3}},"branchMap":{},"s":{"0":5,"1":0,"2":0},"f":{"0":0},"b":{},"_coverageSchema":"43e27e138ebf9cfc5966b082cf9a028302ed4184","hash":"7615b1ce3c11825bdac4f875eaa1a0f81898de9d"}
,"/Users/mjb/Programming/HackReactor/zobinHood/Matthew-service/client/src/components/principal/HomePrice.jsx": {"path":"/Users/mjb/Programming/HackReactor/zobinHood/Matthew-service/client/src/components/principal/HomePrice.jsx","statementMap":{"0":{"start":{"line":4,"column":18},"end":{"line":26,"column":1}},"1":{"start":{"line":5,"column":104},"end":{"line":5,"column":109}},"2":{"start":{"line":7,"column":2},"end":{"line":25,"column":4}}},"fnMap":{"0":{"name":"(anonymous_0)","decl":{"start":{"line":4,"column":18},"end":{"line":4,"column":19}},"loc":{"start":{"line":4,"column":29},"end":{"line":26,"column":1}},"line":4}},"branchMap":{},"s":{"0":5,"1":0,"2":0},"f":{"0":0},"b":{},"_coverageSchema":"43e27e138ebf9cfc5966b082cf9a028302ed4184","hash":"1e369b808b50eda13b8fd625ca769e693123ce4e"}
,"/Users/mjb/Programming/HackReactor/zobinHood/Matthew-service/client/src/components/principal/LoanProgram.jsx": {"path":"/Users/mjb/Programming/HackReactor/zobinHood/Matthew-service/client/src/components/principal/LoanProgram.jsx","statementMap":{"0":{"start":{"line":4,"column":20},"end":{"line":57,"column":1}},"1":{"start":{"line":5,"column":78},"end":{"line":5,"column":83}},"2":{"start":{"line":7,"column":16},"end":{"line":12,"column":3}},"3":{"start":{"line":14,"column":15},"end":{"line":16,"column":3}},"4":{"start":{"line":18,"column":2},"end":{"line":56,"column":4}}},"fnMap":{"0":{"name":"(anonymous_0)","decl":{"start":{"line":4,"column":20},"end":{"line":4,"column":21}},"loc":{"start":{"line":4,"column":31},"end":{"line":57,"column":1}},"line":4}},"branchMap":{"0":{"loc":{"start":{"line":50,"column":9},"end":{"line":51,"column":106}},"type":"binary-expr","locations":[{"start":{"line":50,"column":9},"end":{"line":50,"column":25}},{"start":{"line":51,"column":10},"end":{"line":51,"column":106}}],"line":50}},"s":{"0":6,"1":1,"2":1,"3":1,"4":1},"f":{"0":1},"b":{"0":[1,0]},"_coverageSchema":"43e27e138ebf9cfc5966b082cf9a028302ed4184","hash":"e3e6e11bd6df9c83d6810a21162d83117799bec2"}
,"/Users/mjb/Programming/HackReactor/zobinHood/Matthew-service/client/src/components/principal/PandI.jsx": {"path":"/Users/mjb/Programming/HackReactor/zobinHood/Matthew-service/client/src/components/principal/PandI.jsx","statementMap":{"0":{"start":{"line":4,"column":14},"end":{"line":46,"column":1}},"1":{"start":{"line":6,"column":68},"end":{"line":6,"column":73}},"2":{"start":{"line":8,"column":15},"end":{"line":11,"column":3}},"3":{"start":{"line":13,"column":15},"end":{"line":15,"column":3}},"4":{"start":{"line":17,"column":16},"end":{"line":19,"column":3}},"5":{"start":{"line":21,"column":2},"end":{"line":45,"column":4}},"6":{"start":{"line":22,"column":25},"end":{"line":22,"column":55}}},"fnMap":{"0":{"name":"(anonymous_0)","decl":{"start":{"line":4,"column":14},"end":{"line":4,"column":15}},"loc":{"start":{"line":4,"column":25},"end":{"line":46,"column":1}},"line":4},"1":{"name":"(anonymous_1)","decl":{"start":{"line":22,"column":19},"end":{"line":22,"column":20}},"loc":{"start":{"line":22,"column":25},"end":{"line":22,"column":55}},"line":22}},"branchMap":{"0":{"loc":{"start":{"line":34,"column":9},"end":{"line":42,"column":9}},"type":"cond-expr","locations":[{"start":{"line":35,"column":10},"end":{"line":37,"column":19}},{"start":{"line":39,"column":10},"end":{"line":41,"column":19}}],"line":34}},"s":{"0":5,"1":16,"2":16,"3":16,"4":16,"5":16,"6":0},"f":{"0":16,"1":0},"b":{"0":[0,16]},"_coverageSchema":"43e27e138ebf9cfc5966b082cf9a028302ed4184","hash":"f83854c6bd1ea061ab0dd68031ff75b6ae05f54a"}
,"/Users/mjb/Programming/HackReactor/zobinHood/Matthew-service/client/src/components/principal/Principal.jsx": {"path":"/Users/mjb/Programming/HackReactor/zobinHood/Matthew-service/client/src/components/principal/Principal.jsx","statementMap":{"0":{"start":{"line":10,"column":4},"end":{"line":10,"column":17}},"1":{"start":{"line":11,"column":4},"end":{"line":14,"column":6}},"2":{"start":{"line":15,"column":4},"end":{"line":15,"column":47}},"3":{"start":{"line":16,"column":4},"end":{"line":16,"column":53}},"4":{"start":{"line":20,"column":21},"end":{"line":20,"column":55}},"5":{"start":{"line":21,"column":15},"end":{"line":21,"column":31}},"6":{"start":{"line":22,"column":25},"end":{"line":22,"column":93}},"7":{"start":{"line":23,"column":19},"end":{"line":23,"column":46}},"8":{"start":{"line":24,"column":26},"end":{"line":24,"column":46}},"9":{"start":{"line":25,"column":4},"end":{"line":25,"column":27}},"10":{"start":{"line":30,"column":21},"end":{"line":30,"column":24}},"11":{"start":{"line":31,"column":4},"end":{"line":31,"column":50}},"12":{"start":{"line":32,"column":4},"end":{"line":34,"column":5}},"13":{"start":{"line":33,"column":6},"end":{"line":33,"column":23}},"14":{"start":{"line":35,"column":4},"end":{"line":37,"column":5}},"15":{"start":{"line":36,"column":6},"end":{"line":36,"column":23}},"16":{"start":{"line":38,"column":4},"end":{"line":40,"column":5}},"17":{"start":{"line":39,"column":6},"end":{"line":39,"column":23}},"18":{"start":{"line":41,"column":4},"end":{"line":41,"column":44}},"19":{"start":{"line":42,"column":19},"end":{"line":42,"column":61}},"20":{"start":{"line":44,"column":4},"end":{"line":49,"column":7}},"21":{"start":{"line":48,"column":6},"end":{"line":48,"column":67}},"22":{"start":{"line":56,"column":136},"end":{"line":56,"column":146}},"23":{"start":{"line":57,"column":28},"end":{"line":57,"column":38}},"24":{"start":{"line":58,"column":29},"end":{"line":58,"column":33}},"25":{"start":{"line":60,"column":16},"end":{"line":69,"column":5}},"26":{"start":{"line":71,"column":24},"end":{"line":73,"column":5}},"27":{"start":{"line":75,"column":24},"end":{"line":82,"column":5}},"28":{"start":{"line":84,"column":4},"end":{"line":102,"column":6}}},"fnMap":{"0":{"name":"(anonymous_0)","decl":{"start":{"line":9,"column":2},"end":{"line":9,"column":3}},"loc":{"start":{"line":9,"column":21},"end":{"line":17,"column":3}},"line":9},"1":{"name":"(anonymous_1)","decl":{"start":{"line":19,"column":2},"end":{"line":19,"column":3}},"loc":{"start":{"line":19,"column":22},"end":{"line":26,"column":3}},"line":19},"2":{"name":"(anonymous_2)","decl":{"start":{"line":28,"column":2},"end":{"line":28,"column":3}},"loc":{"start":{"line":28,"column":18},"end":{"line":53,"column":3}},"line":28},"3":{"name":"(anonymous_3)","decl":{"start":{"line":47,"column":7},"end":{"line":47,"column":8}},"loc":{"start":{"line":47,"column":13},"end":{"line":49,"column":5}},"line":47},"4":{"name":"(anonymous_4)","decl":{"start":{"line":55,"column":2},"end":{"line":55,"column":3}},"loc":{"start":{"line":55,"column":11},"end":{"line":103,"column":3}},"line":55}},"branchMap":{"0":{"loc":{"start":{"line":32,"column":4},"end":{"line":34,"column":5}},"type":"if","locations":[{"start":{"line":32,"column":4},"end":{"line":34,"column":5}},{"start":{"line":32,"column":4},"end":{"line":34,"column":5}}],"line":32},"1":{"loc":{"start":{"line":35,"column":4},"end":{"line":37,"column":5}},"type":"if","locations":[{"start":{"line":35,"column":4},"end":{"line":37,"column":5}},{"start":{"line":35,"column":4},"end":{"line":37,"column":5}}],"line":35},"2":{"loc":{"start":{"line":38,"column":4},"end":{"line":40,"column":5}},"type":"if","locations":[{"start":{"line":38,"column":4},"end":{"line":40,"column":5}},{"start":{"line":38,"column":4},"end":{"line":40,"column":5}}],"line":38},"3":{"loc":{"start":{"line":89,"column":9},"end":{"line":100,"column":9}},"type":"cond-expr","locations":[{"start":{"line":90,"column":10},"end":{"line":97,"column":16}},{"start":{"line":99,"column":10},"end":{"line":99,"column":22}}],"line":89}},"s":{"0":16,"1":16,"2":16,"3":16,"4":16,"5":16,"6":16,"7":16,"8":16,"9":16,"10":0,"11":0,"12":0,"13":0,"14":0,"15":0,"16":0,"17":0,"18":0,"19":0,"20":0,"21":0,"22":16,"23":16,"24":16,"25":16,"26":16,"27":16,"28":16},"f":{"0":16,"1":16,"2":0,"3":0,"4":16},"b":{"0":[0,0],"1":[0,0],"2":[0,0],"3":[0,16]},"_coverageSchema":"43e27e138ebf9cfc5966b082cf9a028302ed4184","hash":"c34d797782945cb148fd3f6b52287e9e9228589b"}
,"/Users/mjb/Programming/HackReactor/zobinHood/Matthew-service/client/src/components/propertyTaxes/PTHead.jsx": {"path":"/Users/mjb/Programming/HackReactor/zobinHood/Matthew-service/client/src/components/propertyTaxes/PTHead.jsx","statementMap":{"0":{"start":{"line":4,"column":15},"end":{"line":41,"column":1}},"1":{"start":{"line":6,"column":46},"end":{"line":6,"column":51}},"2":{"start":{"line":7,"column":20},"end":{"line":7,"column":41}},"3":{"start":{"line":9,"column":15},"end":{"line":12,"column":3}},"4":{"start":{"line":14,"column":15},"end":{"line":16,"column":3}},"5":{"start":{"line":18,"column":16},"end":{"line":20,"column":3}},"6":{"start":{"line":22,"column":2},"end":{"line":40,"column":4}},"7":{"start":{"line":23,"column":25},"end":{"line":23,"column":48}}},"fnMap":{"0":{"name":"(anonymous_0)","decl":{"start":{"line":4,"column":15},"end":{"line":4,"column":16}},"loc":{"start":{"line":4,"column":26},"end":{"line":41,"column":1}},"line":4},"1":{"name":"(anonymous_1)","decl":{"start":{"line":23,"column":19},"end":{"line":23,"column":20}},"loc":{"start":{"line":23,"column":25},"end":{"line":23,"column":48}},"line":23}},"branchMap":{"0":{"loc":{"start":{"line":29,"column":9},"end":{"line":37,"column":9}},"type":"cond-expr","locations":[{"start":{"line":30,"column":12},"end":{"line":32,"column":21}},{"start":{"line":34,"column":10},"end":{"line":36,"column":19}}],"line":29}},"s":{"0":5,"1":11,"2":11,"3":11,"4":11,"5":11,"6":11,"7":0},"f":{"0":11,"1":0},"b":{"0":[0,11]},"_coverageSchema":"43e27e138ebf9cfc5966b082cf9a028302ed4184","hash":"e8fa96e8d38ea750b4789a3d675f8022802a8a27"}
,"/Users/mjb/Programming/HackReactor/zobinHood/Matthew-service/client/src/components/propertyTaxes/PropertyTaxes.jsx": {"path":"/Users/mjb/Programming/HackReactor/zobinHood/Matthew-service/client/src/components/propertyTaxes/PropertyTaxes.jsx","statementMap":{"0":{"start":{"line":5,"column":22},"end":{"line":101,"column":1}},"1":{"start":{"line":7,"column":66},"end":{"line":7,"column":71}},"2":{"start":{"line":9,"column":14},"end":{"line":12,"column":3}},"3":{"start":{"line":14,"column":14},"end":{"line":19,"column":3}},"4":{"start":{"line":21,"column":14},"end":{"line":24,"column":3}},"5":{"start":{"line":26,"column":14},"end":{"line":29,"column":3}},"6":{"start":{"line":31,"column":14},"end":{"line":34,"column":3}},"7":{"start":{"line":36,"column":14},"end":{"line":39,"column":3}},"8":{"start":{"line":41,"column":14},"end":{"line":44,"column":3}},"9":{"start":{"line":46,"column":14},"end":{"line":49,"column":3}},"10":{"start":{"line":51,"column":22},"end":{"line":59,"column":3}},"11":{"start":{"line":61,"column":13},"end":{"line":64,"column":3}},"12":{"start":{"line":66,"column":2},"end":{"line":100,"column":4}},"13":{"start":{"line":87,"column":34},"end":{"line":87,"column":58}}},"fnMap":{"0":{"name":"(anonymous_0)","decl":{"start":{"line":5,"column":22},"end":{"line":5,"column":23}},"loc":{"start":{"line":5,"column":33},"end":{"line":101,"column":1}},"line":5},"1":{"name":"(anonymous_1)","decl":{"start":{"line":87,"column":28},"end":{"line":87,"column":29}},"loc":{"start":{"line":87,"column":34},"end":{"line":87,"column":58}},"line":87}},"branchMap":{"0":{"loc":{"start":{"line":69,"column":7},"end":{"line":98,"column":7}},"type":"cond-expr","locations":[{"start":{"line":70,"column":8},"end":{"line":95,"column":14}},{"start":{"line":97,"column":8},"end":{"line":97,"column":20}}],"line":69}},"s":{"0":5,"1":11,"2":11,"3":11,"4":11,"5":11,"6":11,"7":11,"8":11,"9":11,"10":11,"11":11,"12":11,"13":0},"f":{"0":11,"1":0},"b":{"0":[0,11]},"_coverageSchema":"43e27e138ebf9cfc5966b082cf9a028302ed4184","hash":"83dc91a62c1118fac0bec25b37fe26131991f4e3"}
,"/Users/mjb/Programming/HackReactor/zobinHood/Matthew-service/client/src/components/utilities/UHead.jsx": {"path":"/Users/mjb/Programming/HackReactor/zobinHood/Matthew-service/client/src/components/utilities/UHead.jsx","statementMap":{"0":{"start":{"line":4,"column":14},"end":{"line":41,"column":1}},"1":{"start":{"line":6,"column":64},"end":{"line":6,"column":69}},"2":{"start":{"line":7,"column":20},"end":{"line":7,"column":41}},"3":{"start":{"line":9,"column":15},"end":{"line":12,"column":3}},"4":{"start":{"line":14,"column":15},"end":{"line":16,"column":1}},"5":{"start":{"line":18,"column":14},"end":{"line":20,"column":1}},"6":{"start":{"line":22,"column":2},"end":{"line":40,"column":4}},"7":{"start":{"line":23,"column":25},"end":{"line":23,"column":44}}},"fnMap":{"0":{"name":"(anonymous_0)","decl":{"start":{"line":4,"column":14},"end":{"line":4,"column":15}},"loc":{"start":{"line":4,"column":25},"end":{"line":41,"column":1}},"line":4},"1":{"name":"(anonymous_1)","decl":{"start":{"line":23,"column":19},"end":{"line":23,"column":20}},"loc":{"start":{"line":23,"column":25},"end":{"line":23,"column":44}},"line":23}},"branchMap":{"0":{"loc":{"start":{"line":26,"column":15},"end":{"line":26,"column":58}},"type":"cond-expr","locations":[{"start":{"line":26,"column":34},"end":{"line":26,"column":41}},{"start":{"line":26,"column":44},"end":{"line":26,"column":58}}],"line":26},"1":{"loc":{"start":{"line":29,"column":9},"end":{"line":37,"column":9}},"type":"cond-expr","locations":[{"start":{"line":30,"column":12},"end":{"line":32,"column":21}},{"start":{"line":34,"column":10},"end":{"line":36,"column":19}}],"line":29}},"s":{"0":5,"1":11,"2":11,"3":11,"4":11,"5":11,"6":11,"7":0},"f":{"0":11,"1":0},"b":{"0":[0,11],"1":[0,11]},"_coverageSchema":"43e27e138ebf9cfc5966b082cf9a028302ed4184","hash":"dc3c01a62d0be5ff564d72549b452493894b5fc4"}
,"/Users/mjb/Programming/HackReactor/zobinHood/Matthew-service/client/src/components/utilities/Utilities.jsx": {"path":"/Users/mjb/Programming/HackReactor/zobinHood/Matthew-service/client/src/components/utilities/Utilities.jsx","statementMap":{"0":{"start":{"line":7,"column":4},"end":{"line":7,"column":16}},"1":{"start":{"line":8,"column":4},"end":{"line":10,"column":6}},"2":{"start":{"line":11,"column":4},"end":{"line":11,"column":63}},"3":{"start":{"line":15,"column":19},"end":{"line":15,"column":31}},"4":{"start":{"line":16,"column":18},"end":{"line":16,"column":76}},"5":{"start":{"line":17,"column":17},"end":{"line":17,"column":28}},"6":{"start":{"line":18,"column":4},"end":{"line":20,"column":7}},"7":{"start":{"line":25,"column":33},"end":{"line":25,"column":43}},"8":{"start":{"line":26,"column":34},"end":{"line":26,"column":38}},"9":{"start":{"line":27,"column":52},"end":{"line":27,"column":62}},"10":{"start":{"line":29,"column":16},"end":{"line":32,"column":5}},"11":{"start":{"line":34,"column":16},"end":{"line":37,"column":5}},"12":{"start":{"line":39,"column":16},"end":{"line":42,"column":5}},"13":{"start":{"line":44,"column":16},"end":{"line":47,"column":5}},"14":{"start":{"line":49,"column":16},"end":{"line":52,"column":5}},"15":{"start":{"line":54,"column":16},"end":{"line":57,"column":5}},"16":{"start":{"line":59,"column":16},"end":{"line":62,"column":5}},"17":{"start":{"line":64,"column":16},"end":{"line":67,"column":5}},"18":{"start":{"line":69,"column":16},"end":{"line":72,"column":5}},"19":{"start":{"line":74,"column":16},"end":{"line":77,"column":5}},"20":{"start":{"line":79,"column":4},"end":{"line":153,"column":5}},"21":{"start":{"line":103,"column":38},"end":{"line":103,"column":62}},"22":{"start":{"line":116,"column":36},"end":{"line":116,"column":60}},"23":{"start":{"line":129,"column":38},"end":{"line":129,"column":62}},"24":{"start":{"line":142,"column":36},"end":{"line":142,"column":60}}},"fnMap":{"0":{"name":"(anonymous_0)","decl":{"start":{"line":6,"column":2},"end":{"line":6,"column":3}},"loc":{"start":{"line":6,"column":21},"end":{"line":12,"column":3}},"line":6},"1":{"name":"(anonymous_1)","decl":{"start":{"line":14,"column":2},"end":{"line":14,"column":3}},"loc":{"start":{"line":14,"column":27},"end":{"line":22,"column":3}},"line":14},"2":{"name":"(anonymous_2)","decl":{"start":{"line":24,"column":2},"end":{"line":24,"column":3}},"loc":{"start":{"line":24,"column":11},"end":{"line":154,"column":3}},"line":24},"3":{"name":"(anonymous_3)","decl":{"start":{"line":103,"column":32},"end":{"line":103,"column":33}},"loc":{"start":{"line":103,"column":38},"end":{"line":103,"column":62}},"line":103},"4":{"name":"(anonymous_4)","decl":{"start":{"line":116,"column":30},"end":{"line":116,"column":31}},"loc":{"start":{"line":116,"column":36},"end":{"line":116,"column":60}},"line":116},"5":{"name":"(anonymous_5)","decl":{"start":{"line":129,"column":32},"end":{"line":129,"column":33}},"loc":{"start":{"line":129,"column":38},"end":{"line":129,"column":62}},"line":129},"6":{"name":"(anonymous_6)","decl":{"start":{"line":142,"column":30},"end":{"line":142,"column":31}},"loc":{"start":{"line":142,"column":36},"end":{"line":142,"column":60}},"line":142}},"branchMap":{"0":{"loc":{"start":{"line":16,"column":18},"end":{"line":16,"column":76}},"type":"cond-expr","locations":[{"start":{"line":16,"column":47},"end":{"line":16,"column":61}},{"start":{"line":16,"column":64},"end":{"line":16,"column":76}}],"line":16},"1":{"loc":{"start":{"line":82,"column":9},"end":{"line":151,"column":9}},"type":"cond-expr","locations":[{"start":{"line":83,"column":10},"end":{"line":148,"column":16}},{"start":{"line":150,"column":10},"end":{"line":150,"column":22}}],"line":82}},"s":{"0":11,"1":11,"2":11,"3":0,"4":0,"5":0,"6":0,"7":11,"8":11,"9":11,"10":11,"11":11,"12":11,"13":11,"14":11,"15":11,"16":11,"17":11,"18":11,"19":11,"20":11,"21":0,"22":0,"23":0,"24":0},"f":{"0":11,"1":0,"2":11,"3":0,"4":0,"5":0,"6":0},"b":{"0":[0,0],"1":[0,11]},"_coverageSchema":"43e27e138ebf9cfc5966b082cf9a028302ed4184","hash":"789e4e9e6b2eb5097af385bbb540e98a6ec48d68"}
}
