{"/Users/mjb/Programming/HackReactor/zobinHood/Matthew-service/client/src/App.jsx": {"path":"/Users/mjb/Programming/HackReactor/zobinHood/Matthew-service/client/src/App.jsx","statementMap":{"0":{"start":{"line":13,"column":4},"end":{"line":13,"column":17}},"1":{"start":{"line":14,"column":4},"end":{"line":25,"column":6}},"2":{"start":{"line":26,"column":4},"end":{"line":26,"column":41}},"3":{"start":{"line":27,"column":4},"end":{"line":27,"column":43}},"4":{"start":{"line":28,"column":4},"end":{"line":28,"column":37}},"5":{"start":{"line":29,"column":4},"end":{"line":29,"column":51}},"6":{"start":{"line":30,"column":4},"end":{"line":30,"column":53}},"7":{"start":{"line":31,"column":4},"end":{"line":31,"column":53}},"8":{"start":{"line":32,"column":4},"end":{"line":32,"column":41}},"9":{"start":{"line":33,"column":4},"end":{"line":33,"column":45}},"10":{"start":{"line":34,"column":4},"end":{"line":34,"column":37}},"11":{"start":{"line":38,"column":4},"end":{"line":38,"column":20}},"12":{"start":{"line":54,"column":4},"end":{"line":76,"column":66}},"13":{"start":{"line":55,"column":21},"end":{"line":55,"column":31}},"14":{"start":{"line":56,"column":22},"end":{"line":58,"column":8}},"15":{"start":{"line":60,"column":18},"end":{"line":66,"column":8}},"16":{"start":{"line":68,"column":18},"end":{"line":70,"column":85}},"17":{"start":{"line":70,"column":15},"end":{"line":70,"column":84}},"18":{"start":{"line":72,"column":18},"end":{"line":74,"column":60}},"19":{"start":{"line":74,"column":15},"end":{"line":74,"column":59}},"20":{"start":{"line":76,"column":22},"end":{"line":76,"column":64}},"21":{"start":{"line":80,"column":4},"end":{"line":82,"column":6}},"22":{"start":{"line":86,"column":4},"end":{"line":86,"column":48}},"23":{"start":{"line":87,"column":4},"end":{"line":87,"column":52}},"24":{"start":{"line":88,"column":4},"end":{"line":88,"column":48}},"25":{"start":{"line":89,"column":4},"end":{"line":89,"column":68}},"26":{"start":{"line":90,"column":4},"end":{"line":90,"column":54}},"27":{"start":{"line":92,"column":13},"end":{"line":92,"column":135}},"28":{"start":{"line":93,"column":6},"end":{"line":95,"column":7}},"29":{"start":{"line":94,"column":8},"end":{"line":94,"column":48}},"30":{"start":{"line":96,"column":4},"end":{"line":96,"column":14}},"31":{"start":{"line":101,"column":18},"end":{"line":101,"column":40}},"32":{"start":{"line":102,"column":4},"end":{"line":102,"column":25}},"33":{"start":{"line":130,"column":4},"end":{"line":144,"column":5}},"34":{"start":{"line":131,"column":6},"end":{"line":137,"column":23}},"35":{"start":{"line":139,"column":6},"end":{"line":143,"column":23}},"36":{"start":{"line":149,"column":4},"end":{"line":152,"column":5}},"37":{"start":{"line":150,"column":17},"end":{"line":150,"column":33}},"38":{"start":{"line":151,"column":6},"end":{"line":151,"column":24}},"39":{"start":{"line":156,"column":4},"end":{"line":156,"column":27}},"40":{"start":{"line":157,"column":4},"end":{"line":157,"column":42}},"41":{"start":{"line":158,"column":14},"end":{"line":158,"column":29}},"42":{"start":{"line":159,"column":4},"end":{"line":170,"column":5}},"43":{"start":{"line":160,"column":20},"end":{"line":160,"column":65}},"44":{"start":{"line":161,"column":6},"end":{"line":164,"column":62}},"45":{"start":{"line":166,"column":6},"end":{"line":169,"column":62}},"46":{"start":{"line":171,"column":4},"end":{"line":171,"column":20}},"47":{"start":{"line":175,"column":4},"end":{"line":175,"column":23}},"48":{"start":{"line":176,"column":4},"end":{"line":176,"column":24}},"49":{"start":{"line":180,"column":4},"end":{"line":182,"column":7}},"50":{"start":{"line":192,"column":4},"end":{"line":194,"column":6}},"51":{"start":{"line":200,"column":52},"end":{"line":200,"column":62}},"52":{"start":{"line":201,"column":73},"end":{"line":201,"column":77}},"53":{"start":{"line":204,"column":20},"end":{"line":217,"column":5}},"54":{"start":{"line":219,"column":20},"end":{"line":222,"column":5}},"55":{"start":{"line":224,"column":21},"end":{"line":226,"column":5}},"56":{"start":{"line":228,"column":19},"end":{"line":242,"column":5}},"57":{"start":{"line":244,"column":19},"end":{"line":249,"column":5}},"58":{"start":{"line":251,"column":22},"end":{"line":252,"column":5}},"59":{"start":{"line":254,"column":16},"end":{"line":267,"column":5}},"60":{"start":{"line":269,"column":24},"end":{"line":275,"column":5}},"61":{"start":{"line":277,"column":24},"end":{"line":283,"column":5}},"62":{"start":{"line":285,"column":4},"end":{"line":310,"column":6}}},"fnMap":{"0":{"name":"(anonymous_0)","decl":{"start":{"line":12,"column":2},"end":{"line":12,"column":3}},"loc":{"start":{"line":12,"column":21},"end":{"line":35,"column":3}},"line":12},"1":{"name":"(anonymous_1)","decl":{"start":{"line":37,"column":2},"end":{"line":37,"column":3}},"loc":{"start":{"line":37,"column":22},"end":{"line":40,"column":3}},"line":37},"2":{"name":"(anonymous_2)","decl":{"start":{"line":53,"column":2},"end":{"line":53,"column":3}},"loc":{"start":{"line":53,"column":13},"end":{"line":77,"column":3}},"line":53},"3":{"name":"(anonymous_3)","decl":{"start":{"line":55,"column":12},"end":{"line":55,"column":13}},"loc":{"start":{"line":55,"column":21},"end":{"line":55,"column":31}},"line":55},"4":{"name":"(anonymous_4)","decl":{"start":{"line":56,"column":12},"end":{"line":56,"column":13}},"loc":{"start":{"line":56,"column":22},"end":{"line":58,"column":8}},"line":56},"5":{"name":"(anonymous_5)","decl":{"start":{"line":60,"column":12},"end":{"line":60,"column":13}},"loc":{"start":{"line":60,"column":18},"end":{"line":66,"column":8}},"line":60},"6":{"name":"(anonymous_6)","decl":{"start":{"line":68,"column":12},"end":{"line":68,"column":13}},"loc":{"start":{"line":68,"column":18},"end":{"line":70,"column":85}},"line":68},"7":{"name":"(anonymous_7)","decl":{"start":{"line":70,"column":9},"end":{"line":70,"column":10}},"loc":{"start":{"line":70,"column":15},"end":{"line":70,"column":84}},"line":70},"8":{"name":"(anonymous_8)","decl":{"start":{"line":72,"column":12},"end":{"line":72,"column":13}},"loc":{"start":{"line":72,"column":18},"end":{"line":74,"column":60}},"line":72},"9":{"name":"(anonymous_9)","decl":{"start":{"line":74,"column":9},"end":{"line":74,"column":10}},"loc":{"start":{"line":74,"column":15},"end":{"line":74,"column":59}},"line":74},"10":{"name":"(anonymous_10)","decl":{"start":{"line":76,"column":13},"end":{"line":76,"column":14}},"loc":{"start":{"line":76,"column":22},"end":{"line":76,"column":64}},"line":76},"11":{"name":"(anonymous_11)","decl":{"start":{"line":79,"column":2},"end":{"line":79,"column":3}},"loc":{"start":{"line":79,"column":12},"end":{"line":83,"column":3}},"line":79},"12":{"name":"(anonymous_12)","decl":{"start":{"line":85,"column":2},"end":{"line":85,"column":3}},"loc":{"start":{"line":85,"column":11},"end":{"line":97,"column":3}},"line":85},"13":{"name":"(anonymous_13)","decl":{"start":{"line":100,"column":2},"end":{"line":100,"column":3}},"loc":{"start":{"line":100,"column":13},"end":{"line":103,"column":3}},"line":100},"14":{"name":"(anonymous_14)","decl":{"start":{"line":106,"column":2},"end":{"line":106,"column":3}},"loc":{"start":{"line":106,"column":28},"end":{"line":145,"column":3}},"line":106},"15":{"name":"(anonymous_15)","decl":{"start":{"line":148,"column":2},"end":{"line":148,"column":3}},"loc":{"start":{"line":148,"column":19},"end":{"line":153,"column":3}},"line":148},"16":{"name":"(anonymous_16)","decl":{"start":{"line":155,"column":2},"end":{"line":155,"column":3}},"loc":{"start":{"line":155,"column":22},"end":{"line":172,"column":3}},"line":155},"17":{"name":"(anonymous_17)","decl":{"start":{"line":174,"column":2},"end":{"line":174,"column":3}},"loc":{"start":{"line":174,"column":18},"end":{"line":177,"column":3}},"line":174},"18":{"name":"(anonymous_18)","decl":{"start":{"line":179,"column":2},"end":{"line":179,"column":3}},"loc":{"start":{"line":179,"column":15},"end":{"line":183,"column":3}},"line":179},"19":{"name":"(anonymous_19)","decl":{"start":{"line":185,"column":2},"end":{"line":185,"column":3}},"loc":{"start":{"line":185,"column":13},"end":{"line":195,"column":3}},"line":185},"20":{"name":"(anonymous_20)","decl":{"start":{"line":197,"column":2},"end":{"line":197,"column":3}},"loc":{"start":{"line":197,"column":11},"end":{"line":311,"column":3}},"line":197}},"branchMap":{"0":{"loc":{"start":{"line":93,"column":6},"end":{"line":95,"column":7}},"type":"if","locations":[{"start":{"line":93,"column":6},"end":{"line":95,"column":7}},{"start":{"line":93,"column":6},"end":{"line":95,"column":7}}],"line":93},"1":{"loc":{"start":{"line":106,"column":12},"end":{"line":106,"column":26}},"type":"default-arg","locations":[{"start":{"line":106,"column":22},"end":{"line":106,"column":26}}],"line":106},"2":{"loc":{"start":{"line":130,"column":4},"end":{"line":144,"column":5}},"type":"if","locations":[{"start":{"line":130,"column":4},"end":{"line":144,"column":5}},{"start":{"line":130,"column":4},"end":{"line":144,"column":5}}],"line":130},"3":{"loc":{"start":{"line":149,"column":4},"end":{"line":152,"column":5}},"type":"if","locations":[{"start":{"line":149,"column":4},"end":{"line":152,"column":5}},{"start":{"line":149,"column":4},"end":{"line":152,"column":5}}],"line":149},"4":{"loc":{"start":{"line":159,"column":4},"end":{"line":170,"column":5}},"type":"if","locations":[{"start":{"line":159,"column":4},"end":{"line":170,"column":5}},{"start":{"line":159,"column":4},"end":{"line":170,"column":5}}],"line":159}},"s":{"0":9,"1":9,"2":9,"3":9,"4":9,"5":9,"6":9,"7":9,"8":9,"9":9,"10":9,"11":9,"12":9,"13":0,"14":0,"15":0,"16":0,"17":0,"18":0,"19":0,"20":0,"21":0,"22":0,"23":0,"24":0,"25":0,"26":0,"27":0,"28":0,"29":0,"30":0,"31":0,"32":0,"33":54,"34":54,"35":0,"36":0,"37":0,"38":0,"39":0,"40":0,"41":0,"42":0,"43":0,"44":0,"45":0,"46":0,"47":0,"48":0,"49":0,"50":0,"51":9,"52":9,"53":9,"54":9,"55":9,"56":9,"57":9,"58":9,"59":9,"60":9,"61":9,"62":9},"f":{"0":9,"1":9,"2":9,"3":0,"4":0,"5":0,"6":0,"7":0,"8":0,"9":0,"10":0,"11":0,"12":0,"13":0,"14":54,"15":0,"16":0,"17":0,"18":0,"19":0,"20":9},"b":{"0":[0,0],"1":[54],"2":[54,0],"3":[0,0],"4":[0,0]},"_coverageSchema":"43e27e138ebf9cfc5966b082cf9a028302ed4184","hash":"91d7779e822bfcfee94d869aec3f818745282102"}
,"/Users/mjb/Programming/HackReactor/zobinHood/Matthew-service/client/src/components/Header.jsx": {"path":"/Users/mjb/Programming/HackReactor/zobinHood/Matthew-service/client/src/components/Header.jsx","statementMap":{"0":{"start":{"line":4,"column":15},"end":{"line":50,"column":1}},"1":{"start":{"line":5,"column":28},"end":{"line":5,"column":33}},"2":{"start":{"line":7,"column":20},"end":{"line":14,"column":3}},"3":{"start":{"line":16,"column":17},"end":{"line":21,"column":3}},"4":{"start":{"line":23,"column":20},"end":{"line":28,"column":3}},"5":{"start":{"line":30,"column":2},"end":{"line":49,"column":4}}},"fnMap":{"0":{"name":"(anonymous_0)","decl":{"start":{"line":4,"column":15},"end":{"line":4,"column":16}},"loc":{"start":{"line":4,"column":26},"end":{"line":50,"column":1}},"line":4}},"branchMap":{},"s":{"0":5,"1":9,"2":9,"3":9,"4":9,"5":9},"f":{"0":9},"b":{},"_coverageSchema":"43e27e138ebf9cfc5966b082cf9a028302ed4184","hash":"d042b93c1c8ae78f31f84143bbc91fa62c7f8838"}
,"/Users/mjb/Programming/HackReactor/zobinHood/Matthew-service/client/src/components/common/Arrow.jsx": {"path":"/Users/mjb/Programming/HackReactor/zobinHood/Matthew-service/client/src/components/common/Arrow.jsx","statementMap":{"0":{"start":{"line":6,"column":4},"end":{"line":6,"column":12}},"1":{"start":{"line":7,"column":4},"end":{"line":9,"column":6}},"2":{"start":{"line":13,"column":21},"end":{"line":13,"column":31}},"3":{"start":{"line":15,"column":20},"end":{"line":19,"column":5}},"4":{"start":{"line":21,"column":22},"end":{"line":24,"column":5}},"5":{"start":{"line":26,"column":4},"end":{"line":36,"column":6}}},"fnMap":{"0":{"name":"(anonymous_0)","decl":{"start":{"line":5,"column":2},"end":{"line":5,"column":3}},"loc":{"start":{"line":5,"column":16},"end":{"line":10,"column":3}},"line":5},"1":{"name":"(anonymous_1)","decl":{"start":{"line":12,"column":2},"end":{"line":12,"column":3}},"loc":{"start":{"line":12,"column":11},"end":{"line":37,"column":3}},"line":12}},"branchMap":{"0":{"loc":{"start":{"line":28,"column":9},"end":{"line":34,"column":9}},"type":"cond-expr","locations":[{"start":{"line":29,"column":10},"end":{"line":31,"column":16}},{"start":{"line":33,"column":10},"end":{"line":33,"column":30}}],"line":28}},"s":{"0":0,"1":0,"2":0,"3":0,"4":0,"5":0},"f":{"0":0,"1":0},"b":{"0":[0,0]},"_coverageSchema":"43e27e138ebf9cfc5966b082cf9a028302ed4184","hash":"59a3a7a2110cf2a09d2f784ebbce3649b9f37638"}
,"/Users/mjb/Programming/HackReactor/zobinHood/Matthew-service/client/src/components/hoaFees/HOAFees.jsx": {"path":"/Users/mjb/Programming/HackReactor/zobinHood/Matthew-service/client/src/components/hoaFees/HOAFees.jsx","statementMap":{"0":{"start":{"line":5,"column":16},"end":{"line":42,"column":1}},"1":{"start":{"line":7,"column":113},"end":{"line":7,"column":118}},"2":{"start":{"line":9,"column":14},"end":{"line":12,"column":3}},"3":{"start":{"line":14,"column":2},"end":{"line":41,"column":4}}},"fnMap":{"0":{"name":"(anonymous_0)","decl":{"start":{"line":5,"column":16},"end":{"line":5,"column":17}},"loc":{"start":{"line":5,"column":27},"end":{"line":42,"column":1}},"line":5}},"branchMap":{"0":{"loc":{"start":{"line":17,"column":7},"end":{"line":39,"column":7}},"type":"cond-expr","locations":[{"start":{"line":18,"column":8},"end":{"line":36,"column":14}},{"start":{"line":38,"column":6},"end":{"line":38,"column":18}}],"line":17}},"s":{"0":5,"1":9,"2":9,"3":9},"f":{"0":9},"b":{"0":[0,9]},"_coverageSchema":"43e27e138ebf9cfc5966b082cf9a028302ed4184","hash":"ae6fa94d48a9037eb81abdf7785b2848485a5635"}
,"/Users/mjb/Programming/HackReactor/zobinHood/Matthew-service/client/src/components/hoaFees/HOAHead.jsx": {"path":"/Users/mjb/Programming/HackReactor/zobinHood/Matthew-service/client/src/components/hoaFees/HOAHead.jsx","statementMap":{"0":{"start":{"line":4,"column":16},"end":{"line":45,"column":1}},"1":{"start":{"line":6,"column":57},"end":{"line":6,"column":62}},"2":{"start":{"line":8,"column":15},"end":{"line":12,"column":3}},"3":{"start":{"line":14,"column":15},"end":{"line":16,"column":3}},"4":{"start":{"line":18,"column":16},"end":{"line":20,"column":3}},"5":{"start":{"line":22,"column":2},"end":{"line":44,"column":4}},"6":{"start":{"line":23,"column":25},"end":{"line":23,"column":42}}},"fnMap":{"0":{"name":"(anonymous_0)","decl":{"start":{"line":4,"column":16},"end":{"line":4,"column":17}},"loc":{"start":{"line":4,"column":27},"end":{"line":45,"column":1}},"line":4},"1":{"name":"(anonymous_1)","decl":{"start":{"line":23,"column":19},"end":{"line":23,"column":20}},"loc":{"start":{"line":23,"column":25},"end":{"line":23,"column":42}},"line":23}},"branchMap":{"0":{"loc":{"start":{"line":29,"column":9},"end":{"line":41,"column":9}},"type":"cond-expr","locations":[{"start":{"line":30,"column":10},"end":{"line":36,"column":19}},{"start":{"line":38,"column":10},"end":{"line":40,"column":19}}],"line":29}},"s":{"0":5,"1":9,"2":9,"3":9,"4":9,"5":9,"6":0},"f":{"0":9,"1":0},"b":{"0":[0,9]},"_coverageSchema":"43e27e138ebf9cfc5966b082cf9a028302ed4184","hash":"fbb9d99a9409b346a0a636a303a05d9bf3363cce"}
,"/Users/mjb/Programming/HackReactor/zobinHood/Matthew-service/client/src/components/homeInsurance/HIHead.jsx": {"path":"/Users/mjb/Programming/HackReactor/zobinHood/Matthew-service/client/src/components/homeInsurance/HIHead.jsx","statementMap":{"0":{"start":{"line":4,"column":15},"end":{"line":45,"column":1}},"1":{"start":{"line":6,"column":64},"end":{"line":6,"column":69}},"2":{"start":{"line":8,"column":15},"end":{"line":12,"column":3}},"3":{"start":{"line":14,"column":15},"end":{"line":16,"column":3}},"4":{"start":{"line":18,"column":16},"end":{"line":20,"column":3}},"5":{"start":{"line":22,"column":2},"end":{"line":44,"column":4}},"6":{"start":{"line":23,"column":25},"end":{"line":23,"column":48}}},"fnMap":{"0":{"name":"(anonymous_0)","decl":{"start":{"line":4,"column":15},"end":{"line":4,"column":16}},"loc":{"start":{"line":4,"column":26},"end":{"line":45,"column":1}},"line":4},"1":{"name":"(anonymous_1)","decl":{"start":{"line":23,"column":19},"end":{"line":23,"column":20}},"loc":{"start":{"line":23,"column":25},"end":{"line":23,"column":48}},"line":23}},"branchMap":{"0":{"loc":{"start":{"line":29,"column":9},"end":{"line":41,"column":9}},"type":"cond-expr","locations":[{"start":{"line":30,"column":12},"end":{"line":36,"column":21}},{"start":{"line":38,"column":10},"end":{"line":40,"column":19}}],"line":29}},"s":{"0":5,"1":9,"2":9,"3":9,"4":9,"5":9,"6":0},"f":{"0":9,"1":0},"b":{"0":[0,9]},"_coverageSchema":"43e27e138ebf9cfc5966b082cf9a028302ed4184","hash":"26b659c95ca5a2da2e14e800ab0bedf02bb78d7f"}
,"/Users/mjb/Programming/HackReactor/zobinHood/Matthew-service/client/src/components/homeInsurance/HomeInsurance.jsx": {"path":"/Users/mjb/Programming/HackReactor/zobinHood/Matthew-service/client/src/components/homeInsurance/HomeInsurance.jsx","statementMap":{"0":{"start":{"line":5,"column":22},"end":{"line":43,"column":1}},"1":{"start":{"line":7,"column":155},"end":{"line":7,"column":160}},"2":{"start":{"line":9,"column":16},"end":{"line":13,"column":5}},"3":{"start":{"line":15,"column":4},"end":{"line":42,"column":5}}},"fnMap":{"0":{"name":"(anonymous_0)","decl":{"start":{"line":5,"column":22},"end":{"line":5,"column":23}},"loc":{"start":{"line":5,"column":33},"end":{"line":43,"column":1}},"line":5}},"branchMap":{"0":{"loc":{"start":{"line":18,"column":9},"end":{"line":40,"column":9}},"type":"cond-expr","locations":[{"start":{"line":19,"column":10},"end":{"line":37,"column":16}},{"start":{"line":39,"column":8},"end":{"line":39,"column":20}}],"line":18}},"s":{"0":5,"1":9,"2":9,"3":9},"f":{"0":9},"b":{"0":[0,9]},"_coverageSchema":"43e27e138ebf9cfc5966b082cf9a028302ed4184","hash":"d04a16e4069035fcd16cf66ac2e9d4bf5ce946fe"}
,"/Users/mjb/Programming/HackReactor/zobinHood/Matthew-service/client/src/components/mortgageInsurance/CheckedBox.jsx": {"path":"/Users/mjb/Programming/HackReactor/zobinHood/Matthew-service/client/src/components/mortgageInsurance/CheckedBox.jsx","statementMap":{"0":{"start":{"line":3,"column":19},"end":{"line":30,"column":1}},"1":{"start":{"line":4,"column":2},"end":{"line":29,"column":8}}},"fnMap":{"0":{"name":"(anonymous_0)","decl":{"start":{"line":3,"column":19},"end":{"line":3,"column":20}},"loc":{"start":{"line":4,"column":2},"end":{"line":29,"column":8}},"line":4}},"branchMap":{},"s":{"0":5,"1":0},"f":{"0":0},"b":{},"_coverageSchema":"43e27e138ebf9cfc5966b082cf9a028302ed4184","hash":"0048f3be74168df2d114c02c4c9f3f910960c645"}
,"/Users/mjb/Programming/HackReactor/zobinHood/Matthew-service/client/src/components/mortgageInsurance/MIHead.jsx": {"path":"/Users/mjb/Programming/HackReactor/zobinHood/Matthew-service/client/src/components/mortgageInsurance/MIHead.jsx","statementMap":{"0":{"start":{"line":4,"column":15},"end":{"line":45,"column":1}},"1":{"start":{"line":6,"column":68},"end":{"line":6,"column":73}},"2":{"start":{"line":8,"column":15},"end":{"line":12,"column":3}},"3":{"start":{"line":14,"column":15},"end":{"line":16,"column":3}},"4":{"start":{"line":18,"column":16},"end":{"line":20,"column":3}},"5":{"start":{"line":22,"column":2},"end":{"line":44,"column":4}},"6":{"start":{"line":23,"column":25},"end":{"line":23,"column":52}}},"fnMap":{"0":{"name":"(anonymous_0)","decl":{"start":{"line":4,"column":15},"end":{"line":4,"column":16}},"loc":{"start":{"line":4,"column":26},"end":{"line":45,"column":1}},"line":4},"1":{"name":"(anonymous_1)","decl":{"start":{"line":23,"column":19},"end":{"line":23,"column":20}},"loc":{"start":{"line":23,"column":25},"end":{"line":23,"column":52}},"line":23}},"branchMap":{"0":{"loc":{"start":{"line":26,"column":14},"end":{"line":26,"column":68}},"type":"cond-expr","locations":[{"start":{"line":26,"column":33},"end":{"line":26,"column":51}},{"start":{"line":26,"column":54},"end":{"line":26,"column":68}}],"line":26},"1":{"loc":{"start":{"line":29,"column":9},"end":{"line":41,"column":9}},"type":"cond-expr","locations":[{"start":{"line":30,"column":10},"end":{"line":36,"column":19}},{"start":{"line":38,"column":10},"end":{"line":40,"column":19}}],"line":29}},"s":{"0":5,"1":9,"2":9,"3":9,"4":9,"5":9,"6":0},"f":{"0":9,"1":0},"b":{"0":[0,9],"1":[0,9]},"_coverageSchema":"43e27e138ebf9cfc5966b082cf9a028302ed4184","hash":"720809ae591032225af8e7be56882ba66d8d0a36"}
,"/Users/mjb/Programming/HackReactor/zobinHood/Matthew-service/client/src/components/mortgageInsurance/Mortgage.jsx": {"path":"/Users/mjb/Programming/HackReactor/zobinHood/Matthew-service/client/src/components/mortgageInsurance/Mortgage.jsx","statementMap":{"0":{"start":{"line":8,"column":4},"end":{"line":8,"column":16}},"1":{"start":{"line":9,"column":4},"end":{"line":11,"column":6}},"2":{"start":{"line":12,"column":4},"end":{"line":12,"column":63}},"3":{"start":{"line":16,"column":19},"end":{"line":16,"column":31}},"4":{"start":{"line":17,"column":18},"end":{"line":17,"column":76}},"5":{"start":{"line":18,"column":17},"end":{"line":18,"column":28}},"6":{"start":{"line":19,"column":4},"end":{"line":21,"column":7}},"7":{"start":{"line":27,"column":33},"end":{"line":27,"column":43}},"8":{"start":{"line":28,"column":34},"end":{"line":28,"column":38}},"9":{"start":{"line":29,"column":67},"end":{"line":29,"column":77}},"10":{"start":{"line":39,"column":16},"end":{"line":45,"column":5}},"11":{"start":{"line":47,"column":16},"end":{"line":50,"column":5}},"12":{"start":{"line":52,"column":16},"end":{"line":55,"column":5}},"13":{"start":{"line":57,"column":22},"end":{"line":60,"column":5}},"14":{"start":{"line":62,"column":19},"end":{"line":64,"column":5}},"15":{"start":{"line":66,"column":21},"end":{"line":70,"column":5}},"16":{"start":{"line":72,"column":21},"end":{"line":86,"column":5}},"17":{"start":{"line":88,"column":20},"end":{"line":99,"column":5}},"18":{"start":{"line":101,"column":19},"end":{"line":103,"column":5}},"19":{"start":{"line":105,"column":4},"end":{"line":164,"column":5}}},"fnMap":{"0":{"name":"(anonymous_0)","decl":{"start":{"line":7,"column":2},"end":{"line":7,"column":3}},"loc":{"start":{"line":7,"column":21},"end":{"line":13,"column":3}},"line":7},"1":{"name":"(anonymous_1)","decl":{"start":{"line":15,"column":2},"end":{"line":15,"column":3}},"loc":{"start":{"line":15,"column":27},"end":{"line":24,"column":3}},"line":15},"2":{"name":"(anonymous_2)","decl":{"start":{"line":26,"column":2},"end":{"line":26,"column":3}},"loc":{"start":{"line":26,"column":11},"end":{"line":165,"column":3}},"line":26}},"branchMap":{"0":{"loc":{"start":{"line":17,"column":18},"end":{"line":17,"column":76}},"type":"cond-expr","locations":[{"start":{"line":17,"column":47},"end":{"line":17,"column":61}},{"start":{"line":17,"column":64},"end":{"line":17,"column":76}}],"line":17},"1":{"loc":{"start":{"line":109,"column":9},"end":{"line":162,"column":9}},"type":"cond-expr","locations":[{"start":{"line":110,"column":10},"end":{"line":159,"column":16}},{"start":{"line":161,"column":10},"end":{"line":161,"column":22}}],"line":109},"2":{"loc":{"start":{"line":111,"column":13},"end":{"line":158,"column":13}},"type":"cond-expr","locations":[{"start":{"line":112,"column":14},"end":{"line":133,"column":20}},{"start":{"line":135,"column":14},"end":{"line":157,"column":20}}],"line":111}},"s":{"0":9,"1":9,"2":9,"3":0,"4":0,"5":0,"6":0,"7":9,"8":9,"9":9,"10":9,"11":9,"12":9,"13":9,"14":9,"15":9,"16":9,"17":9,"18":9,"19":9},"f":{"0":9,"1":0,"2":9},"b":{"0":[0,0],"1":[0,9],"2":[0,0]},"_coverageSchema":"43e27e138ebf9cfc5966b082cf9a028302ed4184","hash":"e50c2d9e0441aba0b96622d49392d48b74cd65b1"}
,"/Users/mjb/Programming/HackReactor/zobinHood/Matthew-service/client/src/components/principal/DownPayment.jsx": {"path":"/Users/mjb/Programming/HackReactor/zobinHood/Matthew-service/client/src/components/principal/DownPayment.jsx","statementMap":{"0":{"start":{"line":4,"column":20},"end":{"line":86,"column":1}},"1":{"start":{"line":5,"column":126},"end":{"line":5,"column":131}},"2":{"start":{"line":7,"column":15},"end":{"line":9,"column":3}},"3":{"start":{"line":11,"column":17},"end":{"line":13,"column":3}},"4":{"start":{"line":15,"column":14},"end":{"line":18,"column":3}},"5":{"start":{"line":20,"column":14},"end":{"line":24,"column":3}},"6":{"start":{"line":26,"column":14},"end":{"line":31,"column":3}},"7":{"start":{"line":33,"column":14},"end":{"line":36,"column":3}},"8":{"start":{"line":38,"column":14},"end":{"line":41,"column":3}},"9":{"start":{"line":43,"column":2},"end":{"line":85,"column":4}}},"fnMap":{"0":{"name":"(anonymous_0)","decl":{"start":{"line":4,"column":20},"end":{"line":4,"column":21}},"loc":{"start":{"line":4,"column":31},"end":{"line":86,"column":1}},"line":4}},"branchMap":{},"s":{"0":5,"1":0,"2":0,"3":0,"4":0,"5":0,"6":0,"7":0,"8":0,"9":0},"f":{"0":0},"b":{},"_coverageSchema":"43e27e138ebf9cfc5966b082cf9a028302ed4184","hash":"216b1305212ee2e555679d00306197eb7ce5eba2"}
,"/Users/mjb/Programming/HackReactor/zobinHood/Matthew-service/client/src/components/principal/HomePrice.jsx": {"path":"/Users/mjb/Programming/HackReactor/zobinHood/Matthew-service/client/src/components/principal/HomePrice.jsx","statementMap":{"0":{"start":{"line":4,"column":18},"end":{"line":27,"column":1}},"1":{"start":{"line":6,"column":38},"end":{"line":6,"column":43}},"2":{"start":{"line":8,"column":2},"end":{"line":26,"column":4}}},"fnMap":{"0":{"name":"(anonymous_0)","decl":{"start":{"line":4,"column":18},"end":{"line":4,"column":19}},"loc":{"start":{"line":4,"column":29},"end":{"line":27,"column":1}},"line":4}},"branchMap":{},"s":{"0":5,"1":2,"2":2},"f":{"0":2},"b":{},"_coverageSchema":"43e27e138ebf9cfc5966b082cf9a028302ed4184","hash":"a1b6ae7584661aceeaac053f0d15cd18b62f8cce"}
,"/Users/mjb/Programming/HackReactor/zobinHood/Matthew-service/client/src/components/principal/LoanProgram.jsx": {"path":"/Users/mjb/Programming/HackReactor/zobinHood/Matthew-service/client/src/components/principal/LoanProgram.jsx","statementMap":{"0":{"start":{"line":4,"column":20},"end":{"line":108,"column":1}},"1":{"start":{"line":5,"column":97},"end":{"line":5,"column":102}},"2":{"start":{"line":7,"column":16},"end":{"line":12,"column":3}},"3":{"start":{"line":14,"column":15},"end":{"line":21,"column":3}},"4":{"start":{"line":23,"column":15},"end":{"line":25,"column":3}},"5":{"start":{"line":27,"column":18},"end":{"line":30,"column":3}},"6":{"start":{"line":32,"column":14},"end":{"line":35,"column":3}},"7":{"start":{"line":37,"column":14},"end":{"line":40,"column":3}},"8":{"start":{"line":42,"column":14},"end":{"line":45,"column":3}},"9":{"start":{"line":47,"column":14},"end":{"line":50,"column":3}},"10":{"start":{"line":52,"column":14},"end":{"line":55,"column":3}},"11":{"start":{"line":57,"column":2},"end":{"line":107,"column":4}}},"fnMap":{"0":{"name":"(anonymous_0)","decl":{"start":{"line":4,"column":20},"end":{"line":4,"column":21}},"loc":{"start":{"line":4,"column":31},"end":{"line":108,"column":1}},"line":4}},"branchMap":{"0":{"loc":{"start":{"line":101,"column":9},"end":{"line":102,"column":106}},"type":"binary-expr","locations":[{"start":{"line":101,"column":9},"end":{"line":101,"column":25}},{"start":{"line":102,"column":10},"end":{"line":102,"column":106}}],"line":101}},"s":{"0":6,"1":1,"2":1,"3":1,"4":1,"5":1,"6":1,"7":1,"8":1,"9":1,"10":1,"11":1},"f":{"0":1},"b":{"0":[1,0]},"_coverageSchema":"43e27e138ebf9cfc5966b082cf9a028302ed4184","hash":"0b6103201f84b17778c913caa10e88fbab44ec08"}
,"/Users/mjb/Programming/HackReactor/zobinHood/Matthew-service/client/src/components/principal/PandI.jsx": {"path":"/Users/mjb/Programming/HackReactor/zobinHood/Matthew-service/client/src/components/principal/PandI.jsx","statementMap":{"0":{"start":{"line":5,"column":14},"end":{"line":60,"column":1}},"1":{"start":{"line":7,"column":68},"end":{"line":7,"column":73}},"2":{"start":{"line":9,"column":15},"end":{"line":13,"column":3}},"3":{"start":{"line":15,"column":15},"end":{"line":17,"column":3}},"4":{"start":{"line":19,"column":16},"end":{"line":21,"column":1}},"5":{"start":{"line":23,"column":16},"end":{"line":25,"column":3}},"6":{"start":{"line":27,"column":2},"end":{"line":59,"column":4}},"7":{"start":{"line":29,"column":21},"end":{"line":29,"column":51}}},"fnMap":{"0":{"name":"(anonymous_0)","decl":{"start":{"line":5,"column":14},"end":{"line":5,"column":15}},"loc":{"start":{"line":5,"column":25},"end":{"line":60,"column":1}},"line":5},"1":{"name":"(anonymous_1)","decl":{"start":{"line":29,"column":15},"end":{"line":29,"column":16}},"loc":{"start":{"line":29,"column":21},"end":{"line":29,"column":51}},"line":29}},"branchMap":{"0":{"loc":{"start":{"line":42,"column":9},"end":{"line":56,"column":9}},"type":"cond-expr","locations":[{"start":{"line":43,"column":10},"end":{"line":50,"column":19}},{"start":{"line":52,"column":10},"end":{"line":55,"column":19}}],"line":42}},"s":{"0":5,"1":19,"2":19,"3":19,"4":19,"5":19,"6":19,"7":0},"f":{"0":19,"1":0},"b":{"0":[0,9]},"_coverageSchema":"43e27e138ebf9cfc5966b082cf9a028302ed4184","hash":"20b963294760e02974c81bddbe8f1817a8fea21a"}
,"/Users/mjb/Programming/HackReactor/zobinHood/Matthew-service/client/src/components/principal/Principal.jsx": {"path":"/Users/mjb/Programming/HackReactor/zobinHood/Matthew-service/client/src/components/principal/Principal.jsx","statementMap":{"0":{"start":{"line":10,"column":4},"end":{"line":10,"column":17}},"1":{"start":{"line":11,"column":4},"end":{"line":14,"column":6}},"2":{"start":{"line":15,"column":4},"end":{"line":15,"column":47}},"3":{"start":{"line":16,"column":4},"end":{"line":16,"column":53}},"4":{"start":{"line":20,"column":21},"end":{"line":20,"column":55}},"5":{"start":{"line":21,"column":15},"end":{"line":21,"column":31}},"6":{"start":{"line":22,"column":25},"end":{"line":22,"column":93}},"7":{"start":{"line":23,"column":19},"end":{"line":23,"column":46}},"8":{"start":{"line":24,"column":26},"end":{"line":24,"column":46}},"9":{"start":{"line":25,"column":4},"end":{"line":25,"column":27}},"10":{"start":{"line":30,"column":21},"end":{"line":30,"column":24}},"11":{"start":{"line":31,"column":4},"end":{"line":31,"column":50}},"12":{"start":{"line":32,"column":4},"end":{"line":34,"column":5}},"13":{"start":{"line":33,"column":6},"end":{"line":33,"column":23}},"14":{"start":{"line":35,"column":4},"end":{"line":37,"column":5}},"15":{"start":{"line":36,"column":6},"end":{"line":36,"column":23}},"16":{"start":{"line":38,"column":4},"end":{"line":40,"column":5}},"17":{"start":{"line":39,"column":6},"end":{"line":39,"column":23}},"18":{"start":{"line":41,"column":4},"end":{"line":41,"column":44}},"19":{"start":{"line":42,"column":19},"end":{"line":42,"column":61}},"20":{"start":{"line":44,"column":4},"end":{"line":49,"column":65}},"21":{"start":{"line":48,"column":6},"end":{"line":48,"column":67}},"22":{"start":{"line":49,"column":13},"end":{"line":49,"column":63}},"23":{"start":{"line":57,"column":90},"end":{"line":57,"column":100}},"24":{"start":{"line":58,"column":28},"end":{"line":58,"column":38}},"25":{"start":{"line":59,"column":29},"end":{"line":59,"column":33}},"26":{"start":{"line":61,"column":4},"end":{"line":79,"column":6}}},"fnMap":{"0":{"name":"(anonymous_0)","decl":{"start":{"line":9,"column":2},"end":{"line":9,"column":3}},"loc":{"start":{"line":9,"column":21},"end":{"line":17,"column":3}},"line":9},"1":{"name":"(anonymous_1)","decl":{"start":{"line":19,"column":2},"end":{"line":19,"column":3}},"loc":{"start":{"line":19,"column":22},"end":{"line":26,"column":3}},"line":19},"2":{"name":"(anonymous_2)","decl":{"start":{"line":28,"column":2},"end":{"line":28,"column":3}},"loc":{"start":{"line":28,"column":18},"end":{"line":53,"column":3}},"line":28},"3":{"name":"(anonymous_3)","decl":{"start":{"line":47,"column":7},"end":{"line":47,"column":8}},"loc":{"start":{"line":47,"column":13},"end":{"line":49,"column":5}},"line":47},"4":{"name":"(anonymous_4)","decl":{"start":{"line":49,"column":7},"end":{"line":49,"column":8}},"loc":{"start":{"line":49,"column":13},"end":{"line":49,"column":63}},"line":49},"5":{"name":"(anonymous_5)","decl":{"start":{"line":55,"column":2},"end":{"line":55,"column":3}},"loc":{"start":{"line":55,"column":11},"end":{"line":80,"column":3}},"line":55}},"branchMap":{"0":{"loc":{"start":{"line":32,"column":4},"end":{"line":34,"column":5}},"type":"if","locations":[{"start":{"line":32,"column":4},"end":{"line":34,"column":5}},{"start":{"line":32,"column":4},"end":{"line":34,"column":5}}],"line":32},"1":{"loc":{"start":{"line":35,"column":4},"end":{"line":37,"column":5}},"type":"if","locations":[{"start":{"line":35,"column":4},"end":{"line":37,"column":5}},{"start":{"line":35,"column":4},"end":{"line":37,"column":5}}],"line":35},"2":{"loc":{"start":{"line":38,"column":4},"end":{"line":40,"column":5}},"type":"if","locations":[{"start":{"line":38,"column":4},"end":{"line":40,"column":5}},{"start":{"line":38,"column":4},"end":{"line":40,"column":5}}],"line":38},"3":{"loc":{"start":{"line":66,"column":9},"end":{"line":77,"column":9}},"type":"cond-expr","locations":[{"start":{"line":67,"column":10},"end":{"line":74,"column":16}},{"start":{"line":76,"column":10},"end":{"line":76,"column":22}}],"line":66}},"s":{"0":14,"1":14,"2":14,"3":14,"4":14,"5":14,"6":14,"7":14,"8":14,"9":14,"10":0,"11":0,"12":0,"13":0,"14":0,"15":0,"16":0,"17":0,"18":0,"19":0,"20":0,"21":0,"22":0,"23":14,"24":14,"25":14,"26":14},"f":{"0":14,"1":14,"2":0,"3":0,"4":0,"5":14},"b":{"0":[0,0],"1":[0,0],"2":[0,0],"3":[0,14]},"_coverageSchema":"43e27e138ebf9cfc5966b082cf9a028302ed4184","hash":"767c5b776d7c3d185a2a33ad5b1132d5c3889eb2"}
,"/Users/mjb/Programming/HackReactor/zobinHood/Matthew-service/client/src/components/propertyTaxes/PTHead.jsx": {"path":"/Users/mjb/Programming/HackReactor/zobinHood/Matthew-service/client/src/components/propertyTaxes/PTHead.jsx","statementMap":{"0":{"start":{"line":4,"column":15},"end":{"line":48,"column":1}},"1":{"start":{"line":6,"column":61},"end":{"line":6,"column":66}},"2":{"start":{"line":8,"column":15},"end":{"line":12,"column":3}},"3":{"start":{"line":14,"column":15},"end":{"line":16,"column":3}},"4":{"start":{"line":18,"column":16},"end":{"line":20,"column":3}},"5":{"start":{"line":22,"column":19},"end":{"line":22,"column":55}},"6":{"start":{"line":24,"column":2},"end":{"line":47,"column":4}},"7":{"start":{"line":25,"column":25},"end":{"line":25,"column":48}}},"fnMap":{"0":{"name":"(anonymous_0)","decl":{"start":{"line":4,"column":15},"end":{"line":4,"column":16}},"loc":{"start":{"line":4,"column":26},"end":{"line":48,"column":1}},"line":4},"1":{"name":"(anonymous_1)","decl":{"start":{"line":25,"column":19},"end":{"line":25,"column":20}},"loc":{"start":{"line":25,"column":25},"end":{"line":25,"column":48}},"line":25}},"branchMap":{"0":{"loc":{"start":{"line":34,"column":9},"end":{"line":44,"column":9}},"type":"cond-expr","locations":[{"start":{"line":35,"column":10},"end":{"line":39,"column":12}},{"start":{"line":41,"column":10},"end":{"line":43,"column":19}}],"line":34}},"s":{"0":5,"1":9,"2":9,"3":9,"4":9,"5":9,"6":9,"7":0},"f":{"0":9,"1":0},"b":{"0":[0,9]},"_coverageSchema":"43e27e138ebf9cfc5966b082cf9a028302ed4184","hash":"c494e827bd9b9f65a21eed07bc0e53d333773d4c"}
,"/Users/mjb/Programming/HackReactor/zobinHood/Matthew-service/client/src/components/propertyTaxes/PropertyTaxes.jsx": {"path":"/Users/mjb/Programming/HackReactor/zobinHood/Matthew-service/client/src/components/propertyTaxes/PropertyTaxes.jsx","statementMap":{"0":{"start":{"line":5,"column":22},"end":{"line":109,"column":1}},"1":{"start":{"line":7,"column":128},"end":{"line":7,"column":133}},"2":{"start":{"line":9,"column":14},"end":{"line":12,"column":3}},"3":{"start":{"line":14,"column":14},"end":{"line":19,"column":3}},"4":{"start":{"line":21,"column":14},"end":{"line":25,"column":3}},"5":{"start":{"line":27,"column":14},"end":{"line":31,"column":3}},"6":{"start":{"line":33,"column":14},"end":{"line":36,"column":3}},"7":{"start":{"line":38,"column":14},"end":{"line":41,"column":3}},"8":{"start":{"line":43,"column":14},"end":{"line":46,"column":3}},"9":{"start":{"line":48,"column":14},"end":{"line":51,"column":3}},"10":{"start":{"line":53,"column":13},"end":{"line":56,"column":3}},"11":{"start":{"line":58,"column":17},"end":{"line":60,"column":3}},"12":{"start":{"line":62,"column":19},"end":{"line":62,"column":48}},"13":{"start":{"line":64,"column":2},"end":{"line":108,"column":4}}},"fnMap":{"0":{"name":"(anonymous_0)","decl":{"start":{"line":5,"column":22},"end":{"line":5,"column":23}},"loc":{"start":{"line":5,"column":33},"end":{"line":109,"column":1}},"line":5}},"branchMap":{"0":{"loc":{"start":{"line":67,"column":7},"end":{"line":106,"column":7}},"type":"cond-expr","locations":[{"start":{"line":68,"column":8},"end":{"line":103,"column":14}},{"start":{"line":105,"column":8},"end":{"line":105,"column":20}}],"line":67}},"s":{"0":5,"1":9,"2":9,"3":9,"4":9,"5":9,"6":9,"7":9,"8":9,"9":9,"10":9,"11":9,"12":9,"13":9},"f":{"0":9},"b":{"0":[0,9]},"_coverageSchema":"43e27e138ebf9cfc5966b082cf9a028302ed4184","hash":"b51c5fe30b25a2bb5ed6784d5b1098dd7b22fc66"}
,"/Users/mjb/Programming/HackReactor/zobinHood/Matthew-service/client/src/components/utilities/UHead.jsx": {"path":"/Users/mjb/Programming/HackReactor/zobinHood/Matthew-service/client/src/components/utilities/UHead.jsx","statementMap":{"0":{"start":{"line":4,"column":14},"end":{"line":44,"column":1}},"1":{"start":{"line":6,"column":64},"end":{"line":6,"column":69}},"2":{"start":{"line":7,"column":20},"end":{"line":7,"column":41}},"3":{"start":{"line":9,"column":15},"end":{"line":13,"column":3}},"4":{"start":{"line":15,"column":15},"end":{"line":17,"column":1}},"5":{"start":{"line":19,"column":14},"end":{"line":21,"column":1}},"6":{"start":{"line":23,"column":2},"end":{"line":43,"column":4}},"7":{"start":{"line":24,"column":25},"end":{"line":24,"column":44}}},"fnMap":{"0":{"name":"(anonymous_0)","decl":{"start":{"line":4,"column":14},"end":{"line":4,"column":15}},"loc":{"start":{"line":4,"column":25},"end":{"line":44,"column":1}},"line":4},"1":{"name":"(anonymous_1)","decl":{"start":{"line":24,"column":19},"end":{"line":24,"column":20}},"loc":{"start":{"line":24,"column":25},"end":{"line":24,"column":44}},"line":24}},"branchMap":{"0":{"loc":{"start":{"line":27,"column":15},"end":{"line":27,"column":58}},"type":"cond-expr","locations":[{"start":{"line":27,"column":34},"end":{"line":27,"column":41}},{"start":{"line":27,"column":44},"end":{"line":27,"column":58}}],"line":27},"1":{"loc":{"start":{"line":30,"column":9},"end":{"line":40,"column":9}},"type":"cond-expr","locations":[{"start":{"line":31,"column":10},"end":{"line":35,"column":12}},{"start":{"line":37,"column":10},"end":{"line":39,"column":19}}],"line":30}},"s":{"0":5,"1":9,"2":9,"3":9,"4":9,"5":9,"6":9,"7":0},"f":{"0":9,"1":0},"b":{"0":[0,9],"1":[0,9]},"_coverageSchema":"43e27e138ebf9cfc5966b082cf9a028302ed4184","hash":"5973ad16405af32abb63f2742a6abcdf701c9f73"}
,"/Users/mjb/Programming/HackReactor/zobinHood/Matthew-service/client/src/components/utilities/Utilities.jsx": {"path":"/Users/mjb/Programming/HackReactor/zobinHood/Matthew-service/client/src/components/utilities/Utilities.jsx","statementMap":{"0":{"start":{"line":7,"column":4},"end":{"line":7,"column":16}},"1":{"start":{"line":8,"column":4},"end":{"line":10,"column":6}},"2":{"start":{"line":11,"column":4},"end":{"line":11,"column":63}},"3":{"start":{"line":15,"column":19},"end":{"line":15,"column":31}},"4":{"start":{"line":16,"column":18},"end":{"line":16,"column":76}},"5":{"start":{"line":17,"column":17},"end":{"line":17,"column":28}},"6":{"start":{"line":18,"column":4},"end":{"line":20,"column":7}},"7":{"start":{"line":25,"column":33},"end":{"line":25,"column":43}},"8":{"start":{"line":26,"column":34},"end":{"line":26,"column":38}},"9":{"start":{"line":27,"column":52},"end":{"line":27,"column":62}},"10":{"start":{"line":29,"column":16},"end":{"line":32,"column":5}},"11":{"start":{"line":34,"column":16},"end":{"line":37,"column":5}},"12":{"start":{"line":39,"column":16},"end":{"line":42,"column":5}},"13":{"start":{"line":44,"column":16},"end":{"line":47,"column":5}},"14":{"start":{"line":49,"column":16},"end":{"line":52,"column":5}},"15":{"start":{"line":54,"column":16},"end":{"line":57,"column":5}},"16":{"start":{"line":59,"column":16},"end":{"line":62,"column":5}},"17":{"start":{"line":64,"column":16},"end":{"line":67,"column":5}},"18":{"start":{"line":69,"column":16},"end":{"line":72,"column":5}},"19":{"start":{"line":74,"column":16},"end":{"line":77,"column":5}},"20":{"start":{"line":79,"column":4},"end":{"line":153,"column":5}},"21":{"start":{"line":103,"column":38},"end":{"line":103,"column":62}},"22":{"start":{"line":116,"column":36},"end":{"line":116,"column":60}},"23":{"start":{"line":129,"column":38},"end":{"line":129,"column":62}},"24":{"start":{"line":142,"column":36},"end":{"line":142,"column":60}}},"fnMap":{"0":{"name":"(anonymous_0)","decl":{"start":{"line":6,"column":2},"end":{"line":6,"column":3}},"loc":{"start":{"line":6,"column":21},"end":{"line":12,"column":3}},"line":6},"1":{"name":"(anonymous_1)","decl":{"start":{"line":14,"column":2},"end":{"line":14,"column":3}},"loc":{"start":{"line":14,"column":27},"end":{"line":22,"column":3}},"line":14},"2":{"name":"(anonymous_2)","decl":{"start":{"line":24,"column":2},"end":{"line":24,"column":3}},"loc":{"start":{"line":24,"column":11},"end":{"line":154,"column":3}},"line":24},"3":{"name":"(anonymous_3)","decl":{"start":{"line":103,"column":32},"end":{"line":103,"column":33}},"loc":{"start":{"line":103,"column":38},"end":{"line":103,"column":62}},"line":103},"4":{"name":"(anonymous_4)","decl":{"start":{"line":116,"column":30},"end":{"line":116,"column":31}},"loc":{"start":{"line":116,"column":36},"end":{"line":116,"column":60}},"line":116},"5":{"name":"(anonymous_5)","decl":{"start":{"line":129,"column":32},"end":{"line":129,"column":33}},"loc":{"start":{"line":129,"column":38},"end":{"line":129,"column":62}},"line":129},"6":{"name":"(anonymous_6)","decl":{"start":{"line":142,"column":30},"end":{"line":142,"column":31}},"loc":{"start":{"line":142,"column":36},"end":{"line":142,"column":60}},"line":142}},"branchMap":{"0":{"loc":{"start":{"line":16,"column":18},"end":{"line":16,"column":76}},"type":"cond-expr","locations":[{"start":{"line":16,"column":47},"end":{"line":16,"column":61}},{"start":{"line":16,"column":64},"end":{"line":16,"column":76}}],"line":16},"1":{"loc":{"start":{"line":82,"column":9},"end":{"line":151,"column":9}},"type":"cond-expr","locations":[{"start":{"line":83,"column":10},"end":{"line":148,"column":16}},{"start":{"line":150,"column":10},"end":{"line":150,"column":22}}],"line":82}},"s":{"0":9,"1":9,"2":9,"3":0,"4":0,"5":0,"6":0,"7":9,"8":9,"9":9,"10":9,"11":9,"12":9,"13":9,"14":9,"15":9,"16":9,"17":9,"18":9,"19":9,"20":9,"21":0,"22":0,"23":0,"24":0},"f":{"0":9,"1":0,"2":9,"3":0,"4":0,"5":0,"6":0},"b":{"0":[0,0],"1":[0,9]},"_coverageSchema":"43e27e138ebf9cfc5966b082cf9a028302ed4184","hash":"789e4e9e6b2eb5097af385bbb540e98a6ec48d68"}
}
