TN:
SF:/Users/mjb/Programming/HackReactor/zobinHood/Matthew-service/client/src/App.jsx
FN:12,(anonymous_0)
FN:32,(anonymous_1)
FN:48,(anonymous_2)
FN:50,(anonymous_3)
FN:51,(anonymous_4)
FN:54,(anonymous_5)
FN:59,(anonymous_6)
FN:63,(anonymous_7)
FN:67,(anonymous_8)
FN:79,(anonymous_9)
FN:86,(anonymous_10)
FN:104,(anonymous_11)
FN:109,(anonymous_12)
FN:115,(anonymous_13)
FN:123,(anonymous_14)
FNF:15
FNH:5
FNDA:11,(anonymous_0)
FNDA:11,(anonymous_1)
FNDA:11,(anonymous_2)
FNDA:0,(anonymous_3)
FNDA:0,(anonymous_4)
FNDA:0,(anonymous_5)
FNDA:0,(anonymous_6)
FNDA:0,(anonymous_7)
FNDA:11,(anonymous_8)
FNDA:0,(anonymous_9)
FNDA:0,(anonymous_10)
FNDA:0,(anonymous_11)
FNDA:0,(anonymous_12)
FNDA:0,(anonymous_13)
FNDA:11,(anonymous_14)
DA:13,11
DA:14,11
DA:24,11
DA:25,11
DA:26,11
DA:27,11
DA:28,11
DA:29,11
DA:33,11
DA:49,11
DA:50,0
DA:51,0
DA:54,0
DA:59,0
DA:63,0
DA:68,11
DA:69,11
DA:71,11
DA:73,11
DA:74,11
DA:75,11
DA:80,0
DA:81,0
DA:82,0
DA:87,0
DA:88,0
DA:89,0
DA:90,0
DA:91,0
DA:92,0
DA:97,0
DA:105,0
DA:106,0
DA:110,0
DA:116,0
DA:117,0
DA:118,0
DA:126,11
DA:127,11
DA:130,11
DA:143,11
DA:147,11
DA:160,11
DA:174,11
LF:44
LH:23
BRDA:71,0,0,11
BRDA:71,0,1,0
BRDA:80,1,0,0
BRDA:80,1,1,0
BRDA:90,2,0,0
BRDA:90,2,1,0
BRDA:119,3,0,0
BRDA:119,3,1,0
BRF:8
BRH:1
end_of_record
TN:
SF:/Users/mjb/Programming/HackReactor/zobinHood/Matthew-service/client/src/components/Header.jsx
FN:4,(anonymous_0)
FNF:1
FNH:1
FNDA:11,(anonymous_0)
DA:4,5
DA:5,11
DA:7,11
DA:14,11
DA:19,11
DA:26,11
LF:6
LH:6
BRF:0
BRH:0
end_of_record
TN:
SF:/Users/mjb/Programming/HackReactor/zobinHood/Matthew-service/client/src/components/hoaFees/HOAFees.jsx
FN:5,(anonymous_0)
FN:25,(anonymous_1)
FNF:2
FNH:1
FNDA:11,(anonymous_0)
FNDA:0,(anonymous_1)
DA:5,5
DA:7,11
DA:9,11
DA:14,11
DA:25,0
LF:5
LH:4
BRDA:17,0,0,0
BRDA:17,0,1,11
BRF:2
BRH:1
end_of_record
TN:
SF:/Users/mjb/Programming/HackReactor/zobinHood/Matthew-service/client/src/components/hoaFees/HOAHead.jsx
FN:4,(anonymous_0)
FN:22,(anonymous_1)
FNF:2
FNH:1
FNDA:11,(anonymous_0)
FNDA:0,(anonymous_1)
DA:4,5
DA:6,11
DA:8,11
DA:13,11
DA:17,11
DA:21,11
DA:22,0
LF:7
LH:6
BRDA:28,0,0,0
BRDA:28,0,1,11
BRF:2
BRH:1
end_of_record
TN:
SF:/Users/mjb/Programming/HackReactor/zobinHood/Matthew-service/client/src/components/homeInsurance/HIHead.jsx
FN:4,(anonymous_0)
FN:22,(anonymous_1)
FNF:2
FNH:1
FNDA:11,(anonymous_0)
FNDA:0,(anonymous_1)
DA:4,5
DA:6,11
DA:8,11
DA:13,11
DA:17,11
DA:21,11
DA:22,0
LF:7
LH:6
BRDA:28,0,0,0
BRDA:28,0,1,11
BRF:2
BRH:1
end_of_record
TN:
SF:/Users/mjb/Programming/HackReactor/zobinHood/Matthew-service/client/src/components/homeInsurance/HomeInsurance.jsx
FN:5,(anonymous_0)
FN:25,(anonymous_1)
FNF:2
FNH:1
FNDA:11,(anonymous_0)
FNDA:0,(anonymous_1)
DA:5,5
DA:7,11
DA:9,11
DA:14,11
DA:25,0
LF:5
LH:4
BRDA:17,0,0,0
BRDA:17,0,1,11
BRF:2
BRH:1
end_of_record
TN:
SF:/Users/mjb/Programming/HackReactor/zobinHood/Matthew-service/client/src/components/mortgageInsurance/MIHead.jsx
FN:4,(anonymous_0)
FN:22,(anonymous_1)
FNF:2
FNH:1
FNDA:11,(anonymous_0)
FNDA:0,(anonymous_1)
DA:4,5
DA:6,11
DA:8,11
DA:13,11
DA:17,11
DA:21,11
DA:22,0
LF:7
LH:6
BRDA:25,0,0,0
BRDA:25,0,1,11
BRDA:28,1,0,0
BRDA:28,1,1,11
BRF:4
BRH:2
end_of_record
TN:
SF:/Users/mjb/Programming/HackReactor/zobinHood/Matthew-service/client/src/components/mortgageInsurance/Mortgage.jsx
FN:6,(anonymous_0)
FN:14,(anonymous_1)
FN:24,(anonymous_2)
FNF:3
FNH:2
FNDA:11,(anonymous_0)
FNDA:0,(anonymous_1)
FNDA:11,(anonymous_2)
DA:7,11
DA:8,11
DA:11,11
DA:15,0
DA:16,0
DA:17,0
DA:18,0
DA:25,11
DA:26,11
DA:27,11
DA:29,11
DA:34,11
DA:38,11
LF:13
LH:9
BRDA:16,0,0,0
BRDA:16,0,1,0
BRDA:41,1,0,0
BRDA:41,1,1,11
BRF:4
BRH:1
end_of_record
TN:
SF:/Users/mjb/Programming/HackReactor/zobinHood/Matthew-service/client/src/components/principal/DownPayment.jsx
FN:3,(anonymous_0)
FNF:1
FNH:0
FNDA:0,(anonymous_0)
DA:3,5
DA:4,0
DA:6,0
LF:3
LH:1
BRF:0
BRH:0
end_of_record
TN:
SF:/Users/mjb/Programming/HackReactor/zobinHood/Matthew-service/client/src/components/principal/HomePrice.jsx
FN:4,(anonymous_0)
FNF:1
FNH:0
FNDA:0,(anonymous_0)
DA:4,5
DA:5,0
DA:7,0
LF:3
LH:1
BRF:0
BRH:0
end_of_record
TN:
SF:/Users/mjb/Programming/HackReactor/zobinHood/Matthew-service/client/src/components/principal/LoanProgram.jsx
FN:4,(anonymous_0)
FNF:1
FNH:1
FNDA:1,(anonymous_0)
DA:4,6
DA:5,1
DA:7,1
DA:14,1
DA:18,1
LF:5
LH:5
BRDA:50,0,0,1
BRDA:50,0,1,0
BRF:2
BRH:1
end_of_record
TN:
SF:/Users/mjb/Programming/HackReactor/zobinHood/Matthew-service/client/src/components/principal/PandI.jsx
FN:4,(anonymous_0)
FN:22,(anonymous_1)
FNF:2
FNH:1
FNDA:16,(anonymous_0)
FNDA:0,(anonymous_1)
DA:4,5
DA:6,16
DA:8,16
DA:13,16
DA:17,16
DA:21,16
DA:22,0
LF:7
LH:6
BRDA:34,0,0,0
BRDA:34,0,1,16
BRF:2
BRH:1
end_of_record
TN:
SF:/Users/mjb/Programming/HackReactor/zobinHood/Matthew-service/client/src/components/principal/Principal.jsx
FN:9,(anonymous_0)
FN:19,(anonymous_1)
FN:28,(anonymous_2)
FN:47,(anonymous_3)
FN:55,(anonymous_4)
FNF:5
FNH:3
FNDA:16,(anonymous_0)
FNDA:16,(anonymous_1)
FNDA:0,(anonymous_2)
FNDA:0,(anonymous_3)
FNDA:16,(anonymous_4)
DA:10,16
DA:11,16
DA:15,16
DA:16,16
DA:20,16
DA:21,16
DA:22,16
DA:23,16
DA:24,16
DA:25,16
DA:30,0
DA:31,0
DA:32,0
DA:33,0
DA:35,0
DA:36,0
DA:38,0
DA:39,0
DA:41,0
DA:42,0
DA:44,0
DA:48,0
DA:56,16
DA:57,16
DA:58,16
DA:60,16
DA:71,16
DA:75,16
DA:84,16
LF:29
LH:17
BRDA:32,0,0,0
BRDA:32,0,1,0
BRDA:35,1,0,0
BRDA:35,1,1,0
BRDA:38,2,0,0
BRDA:38,2,1,0
BRDA:89,3,0,0
BRDA:89,3,1,16
BRF:8
BRH:1
end_of_record
TN:
SF:/Users/mjb/Programming/HackReactor/zobinHood/Matthew-service/client/src/components/propertyTaxes/PTHead.jsx
FN:4,(anonymous_0)
FN:23,(anonymous_1)
FNF:2
FNH:1
FNDA:11,(anonymous_0)
FNDA:0,(anonymous_1)
DA:4,5
DA:6,11
DA:7,11
DA:9,11
DA:14,11
DA:18,11
DA:22,11
DA:23,0
LF:8
LH:7
BRDA:29,0,0,0
BRDA:29,0,1,11
BRF:2
BRH:1
end_of_record
TN:
SF:/Users/mjb/Programming/HackReactor/zobinHood/Matthew-service/client/src/components/propertyTaxes/PropertyTaxes.jsx
FN:5,(anonymous_0)
FN:87,(anonymous_1)
FNF:2
FNH:1
FNDA:11,(anonymous_0)
FNDA:0,(anonymous_1)
DA:5,5
DA:7,11
DA:9,11
DA:14,11
DA:21,11
DA:26,11
DA:31,11
DA:36,11
DA:41,11
DA:46,11
DA:51,11
DA:61,11
DA:66,11
DA:87,0
LF:14
LH:13
BRDA:69,0,0,0
BRDA:69,0,1,11
BRF:2
BRH:1
end_of_record
TN:
SF:/Users/mjb/Programming/HackReactor/zobinHood/Matthew-service/client/src/components/utilities/UHead.jsx
FN:4,(anonymous_0)
FN:23,(anonymous_1)
FNF:2
FNH:1
FNDA:11,(anonymous_0)
FNDA:0,(anonymous_1)
DA:4,5
DA:6,11
DA:7,11
DA:9,11
DA:14,11
DA:18,11
DA:22,11
DA:23,0
LF:8
LH:7
BRDA:26,0,0,0
BRDA:26,0,1,11
BRDA:29,1,0,0
BRDA:29,1,1,11
BRF:4
BRH:2
end_of_record
TN:
SF:/Users/mjb/Programming/HackReactor/zobinHood/Matthew-service/client/src/components/utilities/Utilities.jsx
FN:6,(anonymous_0)
FN:14,(anonymous_1)
FN:24,(anonymous_2)
FN:103,(anonymous_3)
FN:116,(anonymous_4)
FN:129,(anonymous_5)
FN:142,(anonymous_6)
FNF:7
FNH:2
FNDA:11,(anonymous_0)
FNDA:0,(anonymous_1)
FNDA:11,(anonymous_2)
FNDA:0,(anonymous_3)
FNDA:0,(anonymous_4)
FNDA:0,(anonymous_5)
FNDA:0,(anonymous_6)
DA:7,11
DA:8,11
DA:11,11
DA:15,0
DA:16,0
DA:17,0
DA:18,0
DA:25,11
DA:26,11
DA:27,11
DA:29,11
DA:34,11
DA:39,11
DA:44,11
DA:49,11
DA:54,11
DA:59,11
DA:64,11
DA:69,11
DA:74,11
DA:79,11
DA:103,0
DA:116,0
DA:129,0
DA:142,0
LF:25
LH:17
BRDA:16,0,0,0
BRDA:16,0,1,0
BRDA:82,1,0,0
BRDA:82,1,1,11
BRF:4
BRH:1
end_of_record
