TN:
SF:/Users/mjb/Programming/HackReactor/zobinHood/Matthew-service/client/src/App.jsx
FN:7,(anonymous_0)
FN:29,(anonymous_1)
FN:35,(anonymous_2)
FN:47,(anonymous_3)
FN:49,(anonymous_4)
FN:50,(anonymous_5)
FN:53,(anonymous_6)
FN:54,(anonymous_7)
FN:59,(anonymous_8)
FN:62,(anonymous_9)
FN:66,(anonymous_10)
FN:78,(anonymous_11)
FN:85,(anonymous_12)
FN:103,(anonymous_13)
FN:108,(anonymous_14)
FN:115,(anonymous_15)
FN:118,(anonymous_16)
FN:121,(anonymous_17)
FN:125,(anonymous_18)
FNF:19
FNH:5
FNDA:12,(anonymous_0)
FNDA:12,(anonymous_1)
FNDA:12,(anonymous_2)
FNDA:0,(anonymous_3)
FNDA:0,(anonymous_4)
FNDA:0,(anonymous_5)
FNDA:0,(anonymous_6)
FNDA:0,(anonymous_7)
FNDA:0,(anonymous_8)
FNDA:0,(anonymous_9)
FNDA:16,(anonymous_10)
FNDA:0,(anonymous_11)
FNDA:0,(anonymous_12)
FNDA:0,(anonymous_13)
FNDA:0,(anonymous_14)
FNDA:0,(anonymous_15)
FNDA:0,(anonymous_16)
FNDA:0,(anonymous_17)
FNDA:24,(anonymous_18)
DA:8,12
DA:9,12
DA:14,12
DA:15,12
DA:16,12
DA:17,12
DA:18,12
DA:19,12
DA:20,12
DA:21,12
DA:31,12
DA:36,12
DA:48,0
DA:49,0
DA:50,0
DA:53,0
DA:54,0
DA:59,0
DA:62,0
DA:67,16
DA:68,16
DA:70,16
DA:72,16
DA:73,16
DA:74,16
DA:79,0
DA:80,0
DA:81,0
DA:86,0
DA:87,0
DA:88,0
DA:89,0
DA:90,0
DA:91,0
DA:96,0
DA:104,0
DA:105,0
DA:109,0
DA:110,0
DA:116,0
DA:118,0
DA:122,0
DA:126,24
DA:127,24
DA:130,24
DA:141,24
LF:46
LH:22
BRDA:70,0,0,9
BRDA:70,0,1,7
BRDA:79,1,0,0
BRDA:79,1,1,0
BRDA:89,2,0,0
BRDA:89,2,1,0
BRF:6
BRH:2
end_of_record
TN:
SF:/Users/mjb/Programming/HackReactor/zobinHood/Matthew-service/client/src/components/Header.jsx
FN:4,(anonymous_0)
FNF:1
FNH:1
FNDA:16,(anonymous_0)
DA:4,3
DA:5,16
DA:7,16
DA:14,16
DA:21,16
LF:5
LH:5
BRF:0
BRH:0
end_of_record
TN:
SF:/Users/mjb/Programming/HackReactor/zobinHood/Matthew-service/client/src/components/principal/DownPayment.jsx
FN:3,(anonymous_0)
FNF:1
FNH:0
FNDA:0,(anonymous_0)
DA:3,3
DA:4,0
DA:6,0
LF:3
LH:1
BRF:0
BRH:0
end_of_record
TN:
SF:/Users/mjb/Programming/HackReactor/zobinHood/Matthew-service/client/src/components/principal/HomePrice.jsx
FN:4,(anonymous_0)
FNF:1
FNH:0
FNDA:0,(anonymous_0)
DA:4,3
DA:5,0
DA:7,0
LF:3
LH:1
BRF:0
BRH:0
end_of_record
TN:
SF:/Users/mjb/Programming/HackReactor/zobinHood/Matthew-service/client/src/components/principal/LoanProgram.jsx
FN:4,(anonymous_0)
FNF:1
FNH:1
FNDA:1,(anonymous_0)
DA:4,4
DA:5,1
DA:7,1
DA:14,1
LF:4
LH:4
BRDA:34,0,0,1
BRDA:34,0,1,0
BRDA:37,1,0,1
BRDA:37,1,1,0
BRDA:40,2,0,1
BRDA:40,2,1,0
BRF:6
BRH:3
end_of_record
TN:
SF:/Users/mjb/Programming/HackReactor/zobinHood/Matthew-service/client/src/components/principal/PandI.jsx
FN:4,(anonymous_0)
FNF:1
FNH:1
FNDA:19,(anonymous_0)
DA:4,3
DA:6,19
DA:10,19
DA:14,19
DA:23,19
DA:24,19
LF:6
LH:6
BRDA:36,0,0,0
BRDA:36,0,1,19
BRF:2
BRH:1
end_of_record
TN:
SF:/Users/mjb/Programming/HackReactor/zobinHood/Matthew-service/client/src/components/principal/Principal.jsx
FN:9,(anonymous_0)
FN:19,(anonymous_1)
FN:34,(anonymous_2)
FNF:3
FNH:3
FNDA:24,(anonymous_0)
FNDA:24,(anonymous_1)
FNDA:24,(anonymous_2)
DA:10,24
DA:11,24
DA:15,24
DA:20,24
DA:21,24
DA:22,24
DA:23,24
DA:35,24
DA:36,24
DA:37,24
DA:39,24
DA:46,24
DA:50,24
DA:59,24
DA:63,24
DA:67,24
LF:16
LH:16
BRDA:71,0,0,0
BRDA:71,0,1,24
BRF:2
BRH:1
end_of_record
